2024-11-23 07:52:11,778 [Worker-3: Loading available Gradle versions] INFO  o.e.b.c.i.u.g.PublishedGradleVersions - Gradle version information cache is out-of-date. Trying to update.
2024-11-23 07:53:42,619 [Worker-5: Launching mavenrun-20c8d093-8659-4c48-9eee-0f630da5111a] INFO  o.eclipse.m2e.core.internal.Bundles - getClasspathEntries(Bundle=org.eclipse.m2e.maven.runtime_3.9.700.20240602-2313 [299])
2024-11-23 07:53:42,636 [Worker-5: Launching mavenrun-20c8d093-8659-4c48-9eee-0f630da5111a] INFO  o.eclipse.m2e.core.internal.Bundles - 	Entry: C:\Users\Hi\.p2\pool\plugins\org.eclipse.m2e.maven.runtime_3.9.700.20240602-2313
2024-11-23 07:53:42,637 [Worker-5: Launching mavenrun-20c8d093-8659-4c48-9eee-0f630da5111a] INFO  o.eclipse.m2e.core.internal.Bundles - 	Entry: C:\Users\Hi\.p2\pool\plugins\org.eclipse.m2e.maven.runtime_3.9.700.20240602-2313\jars\aopalliance-1.0.jar
2024-11-23 07:53:42,637 [Worker-5: Launching mavenrun-20c8d093-8659-4c48-9eee-0f630da5111a] INFO  o.eclipse.m2e.core.internal.Bundles - 	Entry: C:\Users\Hi\.p2\pool\plugins\org.eclipse.m2e.maven.runtime_3.9.700.20240602-2313\jars\guice-5.1.0.jar
2024-11-23 07:53:42,638 [Worker-5: Launching mavenrun-20c8d093-8659-4c48-9eee-0f630da5111a] INFO  o.eclipse.m2e.core.internal.Bundles - 	Entry: C:\Users\Hi\.p2\pool\plugins\org.eclipse.m2e.maven.runtime_3.9.700.20240602-2313\jars\httpclient-4.5.14.jar
2024-11-23 07:53:42,638 [Worker-5: Launching mavenrun-20c8d093-8659-4c48-9eee-0f630da5111a] INFO  o.eclipse.m2e.core.internal.Bundles - 	Entry: C:\Users\Hi\.p2\pool\plugins\org.eclipse.m2e.maven.runtime_3.9.700.20240602-2313\jars\httpcore-4.4.16.jar
2024-11-23 07:53:42,638 [Worker-5: Launching mavenrun-20c8d093-8659-4c48-9eee-0f630da5111a] INFO  o.eclipse.m2e.core.internal.Bundles - 	Entry: C:\Users\Hi\.p2\pool\plugins\org.eclipse.m2e.maven.runtime_3.9.700.20240602-2313\jars\jansi-2.4.1.jar
2024-11-23 07:53:42,638 [Worker-5: Launching mavenrun-20c8d093-8659-4c48-9eee-0f630da5111a] INFO  o.eclipse.m2e.core.internal.Bundles - 	Entry: C:\Users\Hi\.p2\pool\plugins\org.eclipse.m2e.maven.runtime_3.9.700.20240602-2313\jars\jcl-over-slf4j-1.7.36.jar
2024-11-23 07:53:42,638 [Worker-5: Launching mavenrun-20c8d093-8659-4c48-9eee-0f630da5111a] INFO  o.eclipse.m2e.core.internal.Bundles - 	Entry: C:\Users\Hi\.p2\pool\plugins\org.eclipse.m2e.maven.runtime_3.9.700.20240602-2313\jars\maven-artifact-3.9.7.jar
2024-11-23 07:53:42,638 [Worker-5: Launching mavenrun-20c8d093-8659-4c48-9eee-0f630da5111a] INFO  o.eclipse.m2e.core.internal.Bundles - 	Entry: C:\Users\Hi\.p2\pool\plugins\org.eclipse.m2e.maven.runtime_3.9.700.20240602-2313\jars\maven-builder-support-3.9.7.jar
2024-11-23 07:53:42,638 [Worker-5: Launching mavenrun-20c8d093-8659-4c48-9eee-0f630da5111a] INFO  o.eclipse.m2e.core.internal.Bundles - 	Entry: C:\Users\Hi\.p2\pool\plugins\org.eclipse.m2e.maven.runtime_3.9.700.20240602-2313\jars\maven-compat-3.9.7.jar
2024-11-23 07:53:42,638 [Worker-5: Launching mavenrun-20c8d093-8659-4c48-9eee-0f630da5111a] INFO  o.eclipse.m2e.core.internal.Bundles - 	Entry: C:\Users\Hi\.p2\pool\plugins\org.eclipse.m2e.maven.runtime_3.9.700.20240602-2313\jars\maven-core-3.9.7.jar
2024-11-23 07:53:42,638 [Worker-5: Launching mavenrun-20c8d093-8659-4c48-9eee-0f630da5111a] INFO  o.eclipse.m2e.core.internal.Bundles - 	Entry: C:\Users\Hi\.p2\pool\plugins\org.eclipse.m2e.maven.runtime_3.9.700.20240602-2313\jars\maven-embedder-3.9.7.jar
2024-11-23 07:53:42,639 [Worker-5: Launching mavenrun-20c8d093-8659-4c48-9eee-0f630da5111a] INFO  o.eclipse.m2e.core.internal.Bundles - 	Entry: C:\Users\Hi\.p2\pool\plugins\org.eclipse.m2e.maven.runtime_3.9.700.20240602-2313\jars\maven-model-3.9.7.jar
2024-11-23 07:53:42,639 [Worker-5: Launching mavenrun-20c8d093-8659-4c48-9eee-0f630da5111a] INFO  o.eclipse.m2e.core.internal.Bundles - 	Entry: C:\Users\Hi\.p2\pool\plugins\org.eclipse.m2e.maven.runtime_3.9.700.20240602-2313\jars\maven-model-builder-3.9.7.jar
2024-11-23 07:53:42,639 [Worker-5: Launching mavenrun-20c8d093-8659-4c48-9eee-0f630da5111a] INFO  o.eclipse.m2e.core.internal.Bundles - 	Entry: C:\Users\Hi\.p2\pool\plugins\org.eclipse.m2e.maven.runtime_3.9.700.20240602-2313\jars\maven-plugin-api-3.9.7.jar
2024-11-23 07:53:42,639 [Worker-5: Launching mavenrun-20c8d093-8659-4c48-9eee-0f630da5111a] INFO  o.eclipse.m2e.core.internal.Bundles - 	Entry: C:\Users\Hi\.p2\pool\plugins\org.eclipse.m2e.maven.runtime_3.9.700.20240602-2313\jars\maven-repository-metadata-3.9.7.jar
2024-11-23 07:53:42,639 [Worker-5: Launching mavenrun-20c8d093-8659-4c48-9eee-0f630da5111a] INFO  o.eclipse.m2e.core.internal.Bundles - 	Entry: C:\Users\Hi\.p2\pool\plugins\org.eclipse.m2e.maven.runtime_3.9.700.20240602-2313\jars\maven-resolver-api-1.9.20.jar
2024-11-23 07:53:42,639 [Worker-5: Launching mavenrun-20c8d093-8659-4c48-9eee-0f630da5111a] INFO  o.eclipse.m2e.core.internal.Bundles - 	Entry: C:\Users\Hi\.p2\pool\plugins\org.eclipse.m2e.maven.runtime_3.9.700.20240602-2313\jars\maven-resolver-connector-basic-1.9.20.jar
2024-11-23 07:53:42,639 [Worker-5: Launching mavenrun-20c8d093-8659-4c48-9eee-0f630da5111a] INFO  o.eclipse.m2e.core.internal.Bundles - 	Entry: C:\Users\Hi\.p2\pool\plugins\org.eclipse.m2e.maven.runtime_3.9.700.20240602-2313\jars\maven-resolver-impl-1.9.20.jar
2024-11-23 07:53:42,639 [Worker-5: Launching mavenrun-20c8d093-8659-4c48-9eee-0f630da5111a] INFO  o.eclipse.m2e.core.internal.Bundles - 	Entry: C:\Users\Hi\.p2\pool\plugins\org.eclipse.m2e.maven.runtime_3.9.700.20240602-2313\jars\maven-resolver-named-locks-1.9.20.jar
2024-11-23 07:53:42,639 [Worker-5: Launching mavenrun-20c8d093-8659-4c48-9eee-0f630da5111a] INFO  o.eclipse.m2e.core.internal.Bundles - 	Entry: C:\Users\Hi\.p2\pool\plugins\org.eclipse.m2e.maven.runtime_3.9.700.20240602-2313\jars\maven-resolver-provider-3.9.7.jar
2024-11-23 07:53:42,640 [Worker-5: Launching mavenrun-20c8d093-8659-4c48-9eee-0f630da5111a] INFO  o.eclipse.m2e.core.internal.Bundles - 	Entry: C:\Users\Hi\.p2\pool\plugins\org.eclipse.m2e.maven.runtime_3.9.700.20240602-2313\jars\maven-resolver-spi-1.9.20.jar
2024-11-23 07:53:42,640 [Worker-5: Launching mavenrun-20c8d093-8659-4c48-9eee-0f630da5111a] INFO  o.eclipse.m2e.core.internal.Bundles - 	Entry: C:\Users\Hi\.p2\pool\plugins\org.eclipse.m2e.maven.runtime_3.9.700.20240602-2313\jars\maven-resolver-transport-file-1.9.20.jar
2024-11-23 07:53:42,640 [Worker-5: Launching mavenrun-20c8d093-8659-4c48-9eee-0f630da5111a] INFO  o.eclipse.m2e.core.internal.Bundles - 	Entry: C:\Users\Hi\.p2\pool\plugins\org.eclipse.m2e.maven.runtime_3.9.700.20240602-2313\jars\maven-resolver-transport-http-1.9.20.jar
2024-11-23 07:53:42,640 [Worker-5: Launching mavenrun-20c8d093-8659-4c48-9eee-0f630da5111a] INFO  o.eclipse.m2e.core.internal.Bundles - 	Entry: C:\Users\Hi\.p2\pool\plugins\org.eclipse.m2e.maven.runtime_3.9.700.20240602-2313\jars\maven-resolver-transport-wagon-1.9.20.jar
2024-11-23 07:53:42,640 [Worker-5: Launching mavenrun-20c8d093-8659-4c48-9eee-0f630da5111a] INFO  o.eclipse.m2e.core.internal.Bundles - 	Entry: C:\Users\Hi\.p2\pool\plugins\org.eclipse.m2e.maven.runtime_3.9.700.20240602-2313\jars\maven-resolver-util-1.9.20.jar
2024-11-23 07:53:42,641 [Worker-5: Launching mavenrun-20c8d093-8659-4c48-9eee-0f630da5111a] INFO  o.eclipse.m2e.core.internal.Bundles - 	Entry: C:\Users\Hi\.p2\pool\plugins\org.eclipse.m2e.maven.runtime_3.9.700.20240602-2313\jars\maven-settings-3.9.7.jar
2024-11-23 07:53:42,641 [Worker-5: Launching mavenrun-20c8d093-8659-4c48-9eee-0f630da5111a] INFO  o.eclipse.m2e.core.internal.Bundles - 	Entry: C:\Users\Hi\.p2\pool\plugins\org.eclipse.m2e.maven.runtime_3.9.700.20240602-2313\jars\maven-settings-builder-3.9.7.jar
2024-11-23 07:53:42,641 [Worker-5: Launching mavenrun-20c8d093-8659-4c48-9eee-0f630da5111a] INFO  o.eclipse.m2e.core.internal.Bundles - 	Entry: C:\Users\Hi\.p2\pool\plugins\org.eclipse.m2e.maven.runtime_3.9.700.20240602-2313\jars\maven-shared-utils-3.4.2.jar
2024-11-23 07:53:42,642 [Worker-5: Launching mavenrun-20c8d093-8659-4c48-9eee-0f630da5111a] INFO  o.eclipse.m2e.core.internal.Bundles - 	Entry: C:\Users\Hi\.p2\pool\plugins\org.eclipse.m2e.maven.runtime_3.9.700.20240602-2313\jars\org.eclipse.sisu.inject-0.9.0.M2.jar
2024-11-23 07:53:42,642 [Worker-5: Launching mavenrun-20c8d093-8659-4c48-9eee-0f630da5111a] INFO  o.eclipse.m2e.core.internal.Bundles - 	Entry: C:\Users\Hi\.p2\pool\plugins\org.eclipse.m2e.maven.runtime_3.9.700.20240602-2313\jars\org.eclipse.sisu.plexus-0.9.0.M2.jar
2024-11-23 07:53:42,642 [Worker-5: Launching mavenrun-20c8d093-8659-4c48-9eee-0f630da5111a] INFO  o.eclipse.m2e.core.internal.Bundles - 	Entry: C:\Users\Hi\.p2\pool\plugins\org.eclipse.m2e.maven.runtime_3.9.700.20240602-2313\jars\plexus-build-api-0.0.7.jar
2024-11-23 07:53:42,642 [Worker-5: Launching mavenrun-20c8d093-8659-4c48-9eee-0f630da5111a] INFO  o.eclipse.m2e.core.internal.Bundles - 	Entry: C:\Users\Hi\.p2\pool\plugins\org.eclipse.m2e.maven.runtime_3.9.700.20240602-2313\jars\plexus-build-api-1.2.0.jar
2024-11-23 07:53:42,642 [Worker-5: Launching mavenrun-20c8d093-8659-4c48-9eee-0f630da5111a] INFO  o.eclipse.m2e.core.internal.Bundles - 	Entry: C:\Users\Hi\.p2\pool\plugins\org.eclipse.m2e.maven.runtime_3.9.700.20240602-2313\jars\plexus-cipher-2.0.jar
2024-11-23 07:53:42,643 [Worker-5: Launching mavenrun-20c8d093-8659-4c48-9eee-0f630da5111a] INFO  o.eclipse.m2e.core.internal.Bundles - 	Entry: C:\Users\Hi\.p2\pool\plugins\org.eclipse.m2e.maven.runtime_3.9.700.20240602-2313\jars\plexus-classworlds-2.8.0.jar
2024-11-23 07:53:42,643 [Worker-5: Launching mavenrun-20c8d093-8659-4c48-9eee-0f630da5111a] INFO  o.eclipse.m2e.core.internal.Bundles - 	Entry: C:\Users\Hi\.p2\pool\plugins\org.eclipse.m2e.maven.runtime_3.9.700.20240602-2313\jars\plexus-component-annotations-2.1.0.jar
2024-11-23 07:53:42,643 [Worker-5: Launching mavenrun-20c8d093-8659-4c48-9eee-0f630da5111a] INFO  o.eclipse.m2e.core.internal.Bundles - 	Entry: C:\Users\Hi\.p2\pool\plugins\org.eclipse.m2e.maven.runtime_3.9.700.20240602-2313\jars\plexus-interpolation-1.27.jar
2024-11-23 07:53:42,643 [Worker-5: Launching mavenrun-20c8d093-8659-4c48-9eee-0f630da5111a] INFO  o.eclipse.m2e.core.internal.Bundles - 	Entry: C:\Users\Hi\.p2\pool\plugins\org.eclipse.m2e.maven.runtime_3.9.700.20240602-2313\jars\plexus-sec-dispatcher-2.0.jar
2024-11-23 07:53:42,643 [Worker-5: Launching mavenrun-20c8d093-8659-4c48-9eee-0f630da5111a] INFO  o.eclipse.m2e.core.internal.Bundles - 	Entry: C:\Users\Hi\.p2\pool\plugins\org.eclipse.m2e.maven.runtime_3.9.700.20240602-2313\jars\plexus-utils-3.5.1.jar
2024-11-23 07:53:42,644 [Worker-5: Launching mavenrun-20c8d093-8659-4c48-9eee-0f630da5111a] INFO  o.eclipse.m2e.core.internal.Bundles - 	Entry: C:\Users\Hi\.p2\pool\plugins\org.eclipse.m2e.maven.runtime_3.9.700.20240602-2313\jars\wagon-file-3.5.3.jar
2024-11-23 07:53:42,644 [Worker-5: Launching mavenrun-20c8d093-8659-4c48-9eee-0f630da5111a] INFO  o.eclipse.m2e.core.internal.Bundles - 	Entry: C:\Users\Hi\.p2\pool\plugins\org.eclipse.m2e.maven.runtime_3.9.700.20240602-2313\jars\wagon-http-3.5.3.jar
2024-11-23 07:53:42,644 [Worker-5: Launching mavenrun-20c8d093-8659-4c48-9eee-0f630da5111a] INFO  o.eclipse.m2e.core.internal.Bundles - 	Entry: C:\Users\Hi\.p2\pool\plugins\org.eclipse.m2e.maven.runtime_3.9.700.20240602-2313\jars\wagon-http-shared-3.5.3.jar
2024-11-23 07:53:42,644 [Worker-5: Launching mavenrun-20c8d093-8659-4c48-9eee-0f630da5111a] INFO  o.eclipse.m2e.core.internal.Bundles - 	Entry: C:\Users\Hi\.p2\pool\plugins\org.eclipse.m2e.maven.runtime_3.9.700.20240602-2313\jars\wagon-provider-api-3.5.3.jar
2024-11-23 07:53:42,659 [Worker-5: Launching mavenrun-20c8d093-8659-4c48-9eee-0f630da5111a] INFO  o.eclipse.m2e.core.internal.Bundles - getClasspathEntries(Bundle=com.google.guava_33.2.0.jre [10])
2024-11-23 07:53:42,702 [Worker-5: Launching mavenrun-20c8d093-8659-4c48-9eee-0f630da5111a] INFO  o.eclipse.m2e.core.internal.Bundles - 	Entry: C:\Users\Hi\.p2\pool\plugins\com.google.guava_33.2.0.jre.jar
2024-11-23 07:53:42,702 [Worker-5: Launching mavenrun-20c8d093-8659-4c48-9eee-0f630da5111a] INFO  o.eclipse.m2e.core.internal.Bundles - getClasspathEntries(Bundle=slf4j.api_2.0.16 [520])
2024-11-23 07:53:42,703 [Worker-5: Launching mavenrun-20c8d093-8659-4c48-9eee-0f630da5111a] INFO  o.eclipse.m2e.core.internal.Bundles - 	Entry: C:\Users\Hi\.p2\pool\plugins\slf4j.api_2.0.16.jar
2024-11-23 07:53:42,703 [Worker-5: Launching mavenrun-20c8d093-8659-4c48-9eee-0f630da5111a] INFO  o.eclipse.m2e.core.internal.Bundles - getClasspathEntries(Bundle=jakarta.inject.jakarta.inject-api_1.0.5 [21])
2024-11-23 07:53:42,718 [Worker-5: Launching mavenrun-20c8d093-8659-4c48-9eee-0f630da5111a] INFO  o.eclipse.m2e.core.internal.Bundles - 	Entry: C:\Users\Hi\.p2\pool\plugins\jakarta.inject.jakarta.inject-api_1.0.5.jar
2024-11-23 07:53:42,718 [Worker-5: Launching mavenrun-20c8d093-8659-4c48-9eee-0f630da5111a] INFO  o.eclipse.m2e.core.internal.Bundles - getClasspathEntries(Bundle=javax.annotation_1.3.5.v20200909-1856 [24])
2024-11-23 07:53:42,718 [Worker-5: Launching mavenrun-20c8d093-8659-4c48-9eee-0f630da5111a] INFO  o.eclipse.m2e.core.internal.Bundles - 	Entry: C:\Users\Hi\.p2\pool\plugins\javax.annotation_1.3.5.v20200909-1856.jar
2024-11-23 07:53:42,718 [Worker-5: Launching mavenrun-20c8d093-8659-4c48-9eee-0f630da5111a] INFO  o.eclipse.m2e.core.internal.Bundles - getClasspathEntries(Bundle=org.apache.commons.cli_1.8.0 [47])
2024-11-23 07:53:42,724 [Worker-5: Launching mavenrun-20c8d093-8659-4c48-9eee-0f630da5111a] INFO  o.eclipse.m2e.core.internal.Bundles - 	Entry: C:\Users\Hi\.p2\pool\plugins\org.apache.commons.cli_1.8.0.jar
2024-11-23 07:53:42,724 [Worker-5: Launching mavenrun-20c8d093-8659-4c48-9eee-0f630da5111a] INFO  o.eclipse.m2e.core.internal.Bundles - getClasspathEntries(Bundle=org.apache.commons.commons-codec_1.16.0 [48])
2024-11-23 07:53:42,728 [Worker-5: Launching mavenrun-20c8d093-8659-4c48-9eee-0f630da5111a] INFO  o.eclipse.m2e.core.internal.Bundles - 	Entry: C:\Users\Hi\.p2\pool\plugins\org.apache.commons.commons-codec_1.16.0.jar
2024-11-23 07:53:42,728 [Worker-5: Launching mavenrun-20c8d093-8659-4c48-9eee-0f630da5111a] INFO  o.eclipse.m2e.core.internal.Bundles - getClasspathEntries(Bundle=org.apache.commons.lang3_3.14.0 [54])
2024-11-23 07:53:42,729 [Worker-5: Launching mavenrun-20c8d093-8659-4c48-9eee-0f630da5111a] INFO  o.eclipse.m2e.core.internal.Bundles - 	Entry: C:\Users\Hi\.p2\pool\plugins\org.apache.commons.lang3_3.14.0.jar
2024-11-23 07:53:42,729 [Worker-5: Launching mavenrun-20c8d093-8659-4c48-9eee-0f630da5111a] INFO  o.eclipse.m2e.core.internal.Bundles - getClasspathEntries(Bundle=com.google.guava.failureaccess_1.0.2 [11])
2024-11-23 07:53:42,729 [Worker-5: Launching mavenrun-20c8d093-8659-4c48-9eee-0f630da5111a] INFO  o.eclipse.m2e.core.internal.Bundles - 	Entry: C:\Users\Hi\.p2\pool\plugins\com.google.guava.failureaccess_1.0.2.jar
2024-11-23 07:53:42,773 [Worker-5: Launching mavenrun-20c8d093-8659-4c48-9eee-0f630da5111a] INFO  o.e.m.i.launch.MavenLaunchDelegate - Run build in "C:\Users\Hi\AppData\Local\Temp\m2e-archetypeGenerator17708403045759108163":
2024-11-23 07:53:42,851 [Worker-5: Launching mavenrun-20c8d093-8659-4c48-9eee-0f630da5111a] INFO  o.e.m.i.launch.MavenLaunchDelegate -  mvn  -DarchetypeGroupId=org.apache.maven.archetypes -DarchetypeArtifactId=maven-archetype-quickstart -DarchetypeVersion=1.1 -DgroupId=fro_assignment -DartifactId=V1 -Dversion=0.0.1-SNAPSHOT -Dpackage=fro_assignment.V1 -DoutputDirectory=C:\Users\Hi\Fitpeo_assignment -Dstyle.color=always -U archetype:generate
2024-11-23 07:54:40,155 [Worker-14: Creating maven-archetype-quickstart] INFO  o.e.m.c.i.p.ProjectConfigurationManager - Collecting project info '/pom.xml' C:\Users\Hi\Fitpeo_assignment\V1\pom.xml
2024-11-23 07:54:47,678 [Worker-14: Creating maven-archetype-quickstart] INFO  o.e.m.c.i.l.LifecycleMappingFactory - Using org.eclipse.m2e.jdt.JarLifecycleMapping lifecycle mapping for MavenProject: fro_assignment:V1:0.0.1-SNAPSHOT @ C:\Users\Hi\Fitpeo_assignment\V1\pom.xml.
2024-11-23 07:54:54,353 [Worker-14: Creating maven-archetype-quickstart] INFO  o.e.m.j.i.AbstractJavaProjectConfigurator - Adding source folder /V1/src/main/java
2024-11-23 07:54:54,357 [Worker-14: Creating maven-archetype-quickstart] INFO  o.e.m.j.i.AbstractJavaProjectConfigurator - Adding resource folder /V1/src/main/resources
2024-11-23 07:54:54,366 [Worker-14: Creating maven-archetype-quickstart] INFO  o.e.m.j.i.AbstractJavaProjectConfigurator - Adding source folder /V1/src/test/java
2024-11-23 07:54:54,367 [Worker-14: Creating maven-archetype-quickstart] INFO  o.e.m.j.i.AbstractJavaProjectConfigurator - Adding resource folder /V1/src/test/resources
2024-11-23 07:54:54,646 [Worker-14: Creating maven-archetype-quickstart] INFO  o.e.m.c.i.p.ProjectConfigurationManager - Imported and configured 1 project(s) in 14 sec
2024-11-23 07:54:56,181 [Worker-8: Building] INFO  o.a.m.s.f.DefaultMavenResourcesFiltering - skip non existing resourceDirectory C:\Users\Hi\Fitpeo_assignment\V1\src\main\resources
2024-11-23 07:54:56,187 [Worker-8: Building] INFO  o.a.m.s.f.DefaultMavenResourcesFiltering - skip non existing resourceDirectory C:\Users\Hi\Fitpeo_assignment\V1\src\test\resources
2024-11-23 08:00:58,011 [Worker-13: Building] INFO  o.e.m.c.i.l.LifecycleMappingFactory - Using org.eclipse.m2e.jdt.JarLifecycleMapping lifecycle mapping for MavenProject: fro_assignment:V1:0.0.1-SNAPSHOT @ C:\Users\Hi\Fitpeo_assignment\V1\pom.xml.
2024-11-23 08:02:01,069 [Worker-13: Building] INFO  o.a.m.s.f.DefaultMavenResourcesFiltering - skip non existing resourceDirectory C:\Users\Hi\Fitpeo_assignment\V1\src\main\resources
2024-11-23 08:02:01,074 [Worker-13: Building] INFO  o.a.m.s.f.DefaultMavenResourcesFiltering - skip non existing resourceDirectory C:\Users\Hi\Fitpeo_assignment\V1\src\test\resources
2024-11-23 08:02:05,735 [Worker-2: Building] INFO  o.a.m.s.f.DefaultMavenResourcesFiltering - skip non existing resourceDirectory C:\Users\Hi\Fitpeo_assignment\V1\src\main\resources
2024-11-23 08:02:05,741 [Worker-2: Building] INFO  o.a.m.s.f.DefaultMavenResourcesFiltering - skip non existing resourceDirectory C:\Users\Hi\Fitpeo_assignment\V1\src\test\resources
2024-11-23 08:06:20,574 [Worker-9: Building] INFO  o.e.m.c.i.l.LifecycleMappingFactory - Using org.eclipse.m2e.jdt.JarLifecycleMapping lifecycle mapping for MavenProject: fro_assignment:V1:0.0.1-SNAPSHOT @ C:\Users\Hi\Fitpeo_assignment\V1\pom.xml.
2024-11-23 08:06:25,538 [Worker-9: Building] INFO  o.e.m.c.i.e.AbstractTransferListenerAdapter - Downloading https://repo.maven.apache.org/maven2/io/cucumber/cucumber-java/7.20.0/cucumber-java-7.20.0.pom
2024-11-23 08:06:26,133 [Worker-9: Building] INFO  o.e.m.c.i.e.AbstractTransferListenerAdapter - Downloaded https://repo.maven.apache.org/maven2/io/cucumber/cucumber-java/7.20.0/cucumber-java-7.20.0.pom
2024-11-23 08:06:26,188 [Worker-9: Building] INFO  o.e.m.c.i.e.AbstractTransferListenerAdapter - Downloading https://repo.maven.apache.org/maven2/io/cucumber/cucumber-jvm/7.20.0/cucumber-jvm-7.20.0.pom
2024-11-23 08:06:26,409 [Worker-9: Building] INFO  o.e.m.c.i.e.AbstractTransferListenerAdapter - Downloaded https://repo.maven.apache.org/maven2/io/cucumber/cucumber-jvm/7.20.0/cucumber-jvm-7.20.0.pom
2024-11-23 08:06:27,354 [Worker-9: Building] INFO  o.e.m.c.i.e.AbstractTransferListenerAdapter - Downloading https://repo.maven.apache.org/maven2/io/cucumber/cucumber-bom/7.20.0/cucumber-bom-7.20.0.pom
2024-11-23 08:06:31,589 [Worker-9: Building] INFO  o.e.m.c.i.e.AbstractTransferListenerAdapter - Downloaded https://repo.maven.apache.org/maven2/io/cucumber/cucumber-bom/7.20.0/cucumber-bom-7.20.0.pom
2024-11-23 08:06:31,705 [Worker-9: Building] INFO  o.e.m.c.i.e.AbstractTransferListenerAdapter - Downloading https://repo.maven.apache.org/maven2/org/junit/junit-bom/5.11.2/junit-bom-5.11.2.pom
2024-11-23 08:06:31,981 [Worker-9: Building] INFO  o.e.m.c.i.e.AbstractTransferListenerAdapter - Downloaded https://repo.maven.apache.org/maven2/org/junit/junit-bom/5.11.2/junit-bom-5.11.2.pom
2024-11-23 08:06:32,027 [Worker-9: Building] INFO  o.e.m.c.i.e.AbstractTransferListenerAdapter - Downloading https://repo.maven.apache.org/maven2/com/fasterxml/jackson/jackson-bom/2.18.0/jackson-bom-2.18.0.pom
2024-11-23 08:06:32,151 [Worker-9: Building] INFO  o.e.m.c.i.e.AbstractTransferListenerAdapter - Downloaded https://repo.maven.apache.org/maven2/com/fasterxml/jackson/jackson-bom/2.18.0/jackson-bom-2.18.0.pom
2024-11-23 08:06:32,641 [Worker-9: Building] INFO  o.e.m.c.i.e.AbstractTransferListenerAdapter - Downloading https://repo.maven.apache.org/maven2/com/fasterxml/jackson/jackson-parent/2.18/jackson-parent-2.18.pom
2024-11-23 08:06:33,278 [Worker-9: Building] INFO  o.e.m.c.i.e.AbstractTransferListenerAdapter - Downloaded https://repo.maven.apache.org/maven2/com/fasterxml/jackson/jackson-parent/2.18/jackson-parent-2.18.pom
2024-11-23 08:06:33,325 [Worker-9: Building] INFO  o.e.m.c.i.e.AbstractTransferListenerAdapter - Downloading https://repo.maven.apache.org/maven2/com/fasterxml/oss-parent/61/oss-parent-61.pom
2024-11-23 08:06:33,992 [Worker-9: Building] INFO  o.e.m.c.i.e.AbstractTransferListenerAdapter - Downloaded https://repo.maven.apache.org/maven2/com/fasterxml/oss-parent/61/oss-parent-61.pom
2024-11-23 08:06:34,129 [Worker-9: Building] INFO  o.e.m.c.i.e.AbstractTransferListenerAdapter - Downloading https://repo.maven.apache.org/maven2/io/cucumber/cucumber-core/7.20.0/cucumber-core-7.20.0.pom
2024-11-23 08:06:34,484 [Worker-9: Building] INFO  o.e.m.c.i.e.AbstractTransferListenerAdapter - Downloaded https://repo.maven.apache.org/maven2/io/cucumber/cucumber-core/7.20.0/cucumber-core-7.20.0.pom
2024-11-23 08:06:34,687 [Worker-9: Building] INFO  o.e.m.c.i.e.AbstractTransferListenerAdapter - Downloading https://repo.maven.apache.org/maven2/io/cucumber/cucumber-gherkin/7.20.0/cucumber-gherkin-7.20.0.pom
2024-11-23 08:06:35,126 [Worker-9: Building] INFO  o.e.m.c.i.e.AbstractTransferListenerAdapter - Downloaded https://repo.maven.apache.org/maven2/io/cucumber/cucumber-gherkin/7.20.0/cucumber-gherkin-7.20.0.pom
2024-11-23 08:06:35,197 [Worker-9: Building] INFO  o.e.m.c.i.e.AbstractTransferListenerAdapter - Downloading https://repo.maven.apache.org/maven2/io/cucumber/cucumber-plugin/7.20.0/cucumber-plugin-7.20.0.pom
2024-11-23 08:06:35,279 [Worker-9: Building] INFO  o.e.m.c.i.e.AbstractTransferListenerAdapter - Downloaded https://repo.maven.apache.org/maven2/io/cucumber/cucumber-plugin/7.20.0/cucumber-plugin-7.20.0.pom
2024-11-23 08:06:35,864 [Worker-9: Building] INFO  o.e.m.c.i.e.AbstractTransferListenerAdapter - Downloading https://repo.maven.apache.org/maven2/io/cucumber/cucumber-gherkin-messages/7.20.0/cucumber-gherkin-messages-7.20.0.pom
2024-11-23 08:06:35,920 [Worker-9: Building] INFO  o.e.m.c.i.e.AbstractTransferListenerAdapter - Downloaded https://repo.maven.apache.org/maven2/io/cucumber/cucumber-gherkin-messages/7.20.0/cucumber-gherkin-messages-7.20.0.pom
2024-11-23 08:06:36,362 [Worker-9: Building] INFO  o.e.m.c.i.e.AbstractTransferListenerAdapter - Downloading https://repo.maven.apache.org/maven2/io/cucumber/messages/maven-metadata.xml
2024-11-23 08:06:36,629 [Worker-9: Building] INFO  o.e.m.c.i.e.AbstractTransferListenerAdapter - Downloaded https://repo.maven.apache.org/maven2/io/cucumber/messages/maven-metadata.xml
2024-11-23 08:06:40,864 [Worker-9: Building] INFO  o.e.m.c.i.e.AbstractTransferListenerAdapter - Downloading https://repo.maven.apache.org/maven2/io/cucumber/query/maven-metadata.xml
2024-11-23 08:06:41,052 [Worker-9: Building] INFO  o.e.m.c.i.e.AbstractTransferListenerAdapter - Downloaded https://repo.maven.apache.org/maven2/io/cucumber/query/maven-metadata.xml
2024-11-23 08:06:41,567 [Worker-9: Building] INFO  o.e.m.c.i.e.AbstractTransferListenerAdapter - Downloading https://repo.maven.apache.org/maven2/io/cucumber/datatable/7.20.0/datatable-7.20.0.pom
2024-11-23 08:06:41,598 [Worker-9: Building] INFO  o.e.m.c.i.e.AbstractTransferListenerAdapter - Downloaded https://repo.maven.apache.org/maven2/io/cucumber/datatable/7.20.0/datatable-7.20.0.pom
2024-11-23 08:06:41,643 [Worker-9: Building] INFO  o.e.m.c.i.e.AbstractTransferListenerAdapter - Downloading https://repo.maven.apache.org/maven2/io/cucumber/docstring/7.20.0/docstring-7.20.0.pom
2024-11-23 08:06:41,712 [Worker-9: Building] INFO  o.e.m.c.i.e.AbstractTransferListenerAdapter - Downloaded https://repo.maven.apache.org/maven2/io/cucumber/docstring/7.20.0/docstring-7.20.0.pom
2024-11-23 08:06:41,864 [Worker-9: Building] INFO  o.e.m.c.i.e.AbstractTransferListenerAdapter - Downloading https://repo.maven.apache.org/maven2/io/cucumber/html-formatter/21.7.0/html-formatter-21.7.0.pom
2024-11-23 08:06:42,033 [Worker-9: Building] INFO  o.e.m.c.i.e.AbstractTransferListenerAdapter - Downloaded https://repo.maven.apache.org/maven2/io/cucumber/html-formatter/21.7.0/html-formatter-21.7.0.pom
2024-11-23 08:06:48,584 [Worker-9: Building] INFO  o.e.m.c.i.e.AbstractTransferListenerAdapter - Downloading https://repo.maven.apache.org/maven2/io/cucumber/cucumber-java/7.20.0/cucumber-java-7.20.0.jar
2024-11-23 08:06:49,038 [Worker-9: Building] INFO  o.e.m.c.i.e.AbstractTransferListenerAdapter - Downloaded https://repo.maven.apache.org/maven2/io/cucumber/cucumber-java/7.20.0/cucumber-java-7.20.0.jar
2024-11-23 08:06:49,077 [BasicRepositoryConnector-repo.maven.apache.org-0-0] INFO  o.e.m.c.i.e.AbstractTransferListenerAdapter - Downloading https://repo.maven.apache.org/maven2/io/cucumber/cucumber-core/7.20.0/cucumber-core-7.20.0.jar
2024-11-23 08:06:49,450 [BasicRepositoryConnector-repo.maven.apache.org-0-1] INFO  o.e.m.c.i.e.AbstractTransferListenerAdapter - Downloading https://repo.maven.apache.org/maven2/io/cucumber/cucumber-gherkin/7.20.0/cucumber-gherkin-7.20.0.jar
2024-11-23 08:06:49,457 [BasicRepositoryConnector-repo.maven.apache.org-0-3] INFO  o.e.m.c.i.e.AbstractTransferListenerAdapter - Downloading https://repo.maven.apache.org/maven2/io/cucumber/gherkin/28.0.0/gherkin-28.0.0.jar
2024-11-23 08:06:49,467 [BasicRepositoryConnector-repo.maven.apache.org-0-2] INFO  o.e.m.c.i.e.AbstractTransferListenerAdapter - Downloading https://repo.maven.apache.org/maven2/io/cucumber/cucumber-gherkin-messages/7.20.0/cucumber-gherkin-messages-7.20.0.jar
2024-11-23 08:06:49,507 [BasicRepositoryConnector-repo.maven.apache.org-0-4] INFO  o.e.m.c.i.e.AbstractTransferListenerAdapter - Downloading https://repo.maven.apache.org/maven2/io/cucumber/testng-xml-formatter/0.2.0/testng-xml-formatter-0.2.0.jar
2024-11-23 08:06:51,511 [BasicRepositoryConnector-repo.maven.apache.org-0-3] INFO  o.e.m.c.i.e.AbstractTransferListenerAdapter - Downloaded https://repo.maven.apache.org/maven2/io/cucumber/gherkin/28.0.0/gherkin-28.0.0.jar
2024-11-23 08:06:51,547 [BasicRepositoryConnector-repo.maven.apache.org-0-3] INFO  o.e.m.c.i.e.AbstractTransferListenerAdapter - Downloading https://repo.maven.apache.org/maven2/io/cucumber/datatable/7.20.0/datatable-7.20.0.jar
2024-11-23 08:06:51,641 [BasicRepositoryConnector-repo.maven.apache.org-0-1] INFO  o.e.m.c.i.e.AbstractTransferListenerAdapter - Downloaded https://repo.maven.apache.org/maven2/io/cucumber/cucumber-gherkin/7.20.0/cucumber-gherkin-7.20.0.jar
2024-11-23 08:06:51,679 [BasicRepositoryConnector-repo.maven.apache.org-0-1] INFO  o.e.m.c.i.e.AbstractTransferListenerAdapter - Downloading https://repo.maven.apache.org/maven2/io/cucumber/cucumber-plugin/7.20.0/cucumber-plugin-7.20.0.jar
2024-11-23 08:06:51,861 [BasicRepositoryConnector-repo.maven.apache.org-0-4] INFO  o.e.m.c.i.e.AbstractTransferListenerAdapter - Downloaded https://repo.maven.apache.org/maven2/io/cucumber/testng-xml-formatter/0.2.0/testng-xml-formatter-0.2.0.jar
2024-11-23 08:06:51,897 [BasicRepositoryConnector-repo.maven.apache.org-0-4] INFO  o.e.m.c.i.e.AbstractTransferListenerAdapter - Downloading https://repo.maven.apache.org/maven2/io/cucumber/docstring/7.20.0/docstring-7.20.0.jar
2024-11-23 08:06:52,000 [BasicRepositoryConnector-repo.maven.apache.org-0-3] INFO  o.e.m.c.i.e.AbstractTransferListenerAdapter - Downloaded https://repo.maven.apache.org/maven2/io/cucumber/datatable/7.20.0/datatable-7.20.0.jar
2024-11-23 08:06:52,040 [BasicRepositoryConnector-repo.maven.apache.org-0-3] INFO  o.e.m.c.i.e.AbstractTransferListenerAdapter - Downloading https://repo.maven.apache.org/maven2/io/cucumber/html-formatter/21.7.0/html-formatter-21.7.0.jar
2024-11-23 08:06:52,308 [BasicRepositoryConnector-repo.maven.apache.org-0-2] INFO  o.e.m.c.i.e.AbstractTransferListenerAdapter - Downloaded https://repo.maven.apache.org/maven2/io/cucumber/cucumber-gherkin-messages/7.20.0/cucumber-gherkin-messages-7.20.0.jar
2024-11-23 08:06:52,347 [BasicRepositoryConnector-repo.maven.apache.org-0-2] INFO  o.e.m.c.i.e.AbstractTransferListenerAdapter - Downloading https://repo.maven.apache.org/maven2/io/cucumber/junit-xml-formatter/0.5.0/junit-xml-formatter-0.5.0.jar
2024-11-23 08:06:52,411 [BasicRepositoryConnector-repo.maven.apache.org-0-4] INFO  o.e.m.c.i.e.AbstractTransferListenerAdapter - Downloaded https://repo.maven.apache.org/maven2/io/cucumber/docstring/7.20.0/docstring-7.20.0.jar
2024-11-23 08:06:53,447 [BasicRepositoryConnector-repo.maven.apache.org-0-0] INFO  o.e.m.c.i.e.AbstractTransferListenerAdapter - Downloaded https://repo.maven.apache.org/maven2/io/cucumber/cucumber-core/7.20.0/cucumber-core-7.20.0.jar
2024-11-23 08:06:53,549 [BasicRepositoryConnector-repo.maven.apache.org-0-2] INFO  o.e.m.c.i.e.AbstractTransferListenerAdapter - Downloaded https://repo.maven.apache.org/maven2/io/cucumber/junit-xml-formatter/0.5.0/junit-xml-formatter-0.5.0.jar
2024-11-23 08:06:54,417 [BasicRepositoryConnector-repo.maven.apache.org-0-3] INFO  o.e.m.c.i.e.AbstractTransferListenerAdapter - Downloaded https://repo.maven.apache.org/maven2/io/cucumber/html-formatter/21.7.0/html-formatter-21.7.0.jar
2024-11-23 08:06:54,620 [BasicRepositoryConnector-repo.maven.apache.org-0-1] INFO  o.e.m.c.i.e.AbstractTransferListenerAdapter - Downloaded https://repo.maven.apache.org/maven2/io/cucumber/cucumber-plugin/7.20.0/cucumber-plugin-7.20.0.jar
2024-11-23 08:06:56,066 [Worker-12: Download sources and javadoc] INFO  o.e.m.c.i.e.AbstractTransferListenerAdapter - Downloading https://repo.maven.apache.org/maven2/io/cucumber/cucumber-java/7.20.0/cucumber-java-7.20.0-sources.jar
2024-11-23 08:06:57,168 [Worker-12: Download sources and javadoc] INFO  o.e.m.c.i.e.AbstractTransferListenerAdapter - Downloaded https://repo.maven.apache.org/maven2/io/cucumber/cucumber-java/7.20.0/cucumber-java-7.20.0-sources.jar
2024-11-23 08:06:57,178 [Worker-12: Download sources and javadoc] INFO  o.e.m.j.internal.DownloadSourcesJob - Downloaded sources for io.cucumber:cucumber-java:7.20.0
2024-11-23 08:06:57,371 [Worker-12: Download sources and javadoc] INFO  o.e.m.c.i.e.AbstractTransferListenerAdapter - Downloading https://repo.maven.apache.org/maven2/io/cucumber/cucumber-core/7.20.0/cucumber-core-7.20.0-sources.jar
2024-11-23 08:06:57,861 [Worker-12: Download sources and javadoc] INFO  o.e.m.c.i.e.AbstractTransferListenerAdapter - Downloaded https://repo.maven.apache.org/maven2/io/cucumber/cucumber-core/7.20.0/cucumber-core-7.20.0-sources.jar
2024-11-23 08:06:57,867 [Worker-12: Download sources and javadoc] INFO  o.e.m.j.internal.DownloadSourcesJob - Downloaded sources for io.cucumber:cucumber-core:7.20.0
2024-11-23 08:06:58,249 [Worker-12: Download sources and javadoc] INFO  o.e.m.c.i.e.AbstractTransferListenerAdapter - Downloading https://repo.maven.apache.org/maven2/io/cucumber/cucumber-gherkin/7.20.0/cucumber-gherkin-7.20.0-sources.jar
2024-11-23 08:07:00,787 [Worker-12: Download sources and javadoc] INFO  o.e.m.c.i.e.AbstractTransferListenerAdapter - Downloaded https://repo.maven.apache.org/maven2/io/cucumber/cucumber-gherkin/7.20.0/cucumber-gherkin-7.20.0-sources.jar
2024-11-23 08:07:00,793 [Worker-12: Download sources and javadoc] INFO  o.e.m.j.internal.DownloadSourcesJob - Downloaded sources for io.cucumber:cucumber-gherkin:7.20.0
2024-11-23 08:07:00,960 [Worker-12: Download sources and javadoc] INFO  o.e.m.c.i.e.AbstractTransferListenerAdapter - Downloading https://repo.maven.apache.org/maven2/io/cucumber/cucumber-gherkin-messages/7.20.0/cucumber-gherkin-messages-7.20.0-sources.jar
2024-11-23 08:07:01,631 [Worker-9: Building] INFO  o.a.m.s.f.DefaultMavenResourcesFiltering - skip non existing resourceDirectory C:\Users\Hi\Fitpeo_assignment\V1\src\main\resources
2024-11-23 08:07:01,654 [Worker-9: Building] INFO  o.a.m.s.f.DefaultMavenResourcesFiltering - skip non existing resourceDirectory C:\Users\Hi\Fitpeo_assignment\V1\src\test\resources
2024-11-23 08:07:02,642 [Worker-12: Download sources and javadoc] INFO  o.e.m.c.i.e.AbstractTransferListenerAdapter - Downloaded https://repo.maven.apache.org/maven2/io/cucumber/cucumber-gherkin-messages/7.20.0/cucumber-gherkin-messages-7.20.0-sources.jar
2024-11-23 08:07:02,648 [Worker-12: Download sources and javadoc] INFO  o.e.m.j.internal.DownloadSourcesJob - Downloaded sources for io.cucumber:cucumber-gherkin-messages:7.20.0
2024-11-23 08:07:02,787 [Worker-12: Download sources and javadoc] INFO  o.e.m.c.i.e.AbstractTransferListenerAdapter - Downloading https://repo.maven.apache.org/maven2/io/cucumber/gherkin/28.0.0/gherkin-28.0.0-sources.jar
2024-11-23 08:07:05,787 [Worker-12: Download sources and javadoc] INFO  o.e.m.c.i.e.AbstractTransferListenerAdapter - Downloaded https://repo.maven.apache.org/maven2/io/cucumber/gherkin/28.0.0/gherkin-28.0.0-sources.jar
2024-11-23 08:07:06,211 [Worker-12: Download sources and javadoc] INFO  o.e.m.j.internal.DownloadSourcesJob - Downloaded sources for io.cucumber:gherkin:28.0.0
2024-11-23 08:07:06,478 [Worker-12: Download sources and javadoc] INFO  o.e.m.c.i.e.AbstractTransferListenerAdapter - Downloading https://repo.maven.apache.org/maven2/io/cucumber/testng-xml-formatter/0.2.0/testng-xml-formatter-0.2.0-sources.jar
2024-11-23 08:07:11,656 [Worker-12: Download sources and javadoc] INFO  o.e.m.c.i.e.AbstractTransferListenerAdapter - Downloaded https://repo.maven.apache.org/maven2/io/cucumber/testng-xml-formatter/0.2.0/testng-xml-formatter-0.2.0-sources.jar
2024-11-23 08:07:11,918 [Worker-12: Download sources and javadoc] INFO  o.e.m.j.internal.DownloadSourcesJob - Downloaded sources for io.cucumber:testng-xml-formatter:0.2.0
2024-11-23 08:07:12,034 [Worker-12: Download sources and javadoc] INFO  o.e.m.c.i.e.AbstractTransferListenerAdapter - Downloading https://repo.maven.apache.org/maven2/io/cucumber/datatable/7.20.0/datatable-7.20.0-sources.jar
2024-11-23 08:07:12,560 [Worker-16: Building] INFO  o.a.m.s.f.DefaultMavenResourcesFiltering - skip non existing resourceDirectory C:\Users\Hi\Fitpeo_assignment\V1\src\main\resources
2024-11-23 08:07:12,564 [Worker-16: Building] INFO  o.a.m.s.f.DefaultMavenResourcesFiltering - skip non existing resourceDirectory C:\Users\Hi\Fitpeo_assignment\V1\src\test\resources
2024-11-23 08:07:13,305 [Worker-12: Download sources and javadoc] INFO  o.e.m.c.i.e.AbstractTransferListenerAdapter - Downloaded https://repo.maven.apache.org/maven2/io/cucumber/datatable/7.20.0/datatable-7.20.0-sources.jar
2024-11-23 08:07:13,311 [Worker-12: Download sources and javadoc] INFO  o.e.m.j.internal.DownloadSourcesJob - Downloaded sources for io.cucumber:datatable:7.20.0
2024-11-23 08:07:13,793 [Worker-12: Download sources and javadoc] INFO  o.e.m.c.i.e.AbstractTransferListenerAdapter - Downloading https://repo.maven.apache.org/maven2/io/cucumber/cucumber-plugin/7.20.0/cucumber-plugin-7.20.0-sources.jar
2024-11-23 08:07:16,516 [Worker-12: Download sources and javadoc] INFO  o.e.m.c.i.e.AbstractTransferListenerAdapter - Downloaded https://repo.maven.apache.org/maven2/io/cucumber/cucumber-plugin/7.20.0/cucumber-plugin-7.20.0-sources.jar
2024-11-23 08:07:16,522 [Worker-12: Download sources and javadoc] INFO  o.e.m.j.internal.DownloadSourcesJob - Downloaded sources for io.cucumber:cucumber-plugin:7.20.0
2024-11-23 08:07:16,626 [Worker-12: Download sources and javadoc] INFO  o.e.m.c.i.e.AbstractTransferListenerAdapter - Downloading https://repo.maven.apache.org/maven2/io/cucumber/docstring/7.20.0/docstring-7.20.0-sources.jar
2024-11-23 08:07:16,897 [Worker-12: Download sources and javadoc] INFO  o.e.m.c.i.e.AbstractTransferListenerAdapter - Downloaded https://repo.maven.apache.org/maven2/io/cucumber/docstring/7.20.0/docstring-7.20.0-sources.jar
2024-11-23 08:07:16,903 [Worker-12: Download sources and javadoc] INFO  o.e.m.j.internal.DownloadSourcesJob - Downloaded sources for io.cucumber:docstring:7.20.0
2024-11-23 08:07:17,020 [Worker-12: Download sources and javadoc] INFO  o.e.m.c.i.e.AbstractTransferListenerAdapter - Downloading https://repo.maven.apache.org/maven2/io/cucumber/html-formatter/21.7.0/html-formatter-21.7.0-sources.jar
2024-11-23 08:07:17,374 [Worker-12: Download sources and javadoc] INFO  o.e.m.c.i.e.AbstractTransferListenerAdapter - Downloaded https://repo.maven.apache.org/maven2/io/cucumber/html-formatter/21.7.0/html-formatter-21.7.0-sources.jar
2024-11-23 08:07:17,380 [Worker-12: Download sources and javadoc] INFO  o.e.m.j.internal.DownloadSourcesJob - Downloaded sources for io.cucumber:html-formatter:21.7.0
2024-11-23 08:07:17,491 [Worker-12: Download sources and javadoc] INFO  o.e.m.c.i.e.AbstractTransferListenerAdapter - Downloading https://repo.maven.apache.org/maven2/io/cucumber/junit-xml-formatter/0.5.0/junit-xml-formatter-0.5.0-sources.jar
2024-11-23 08:07:17,643 [Worker-12: Download sources and javadoc] INFO  o.e.m.c.i.e.AbstractTransferListenerAdapter - Downloaded https://repo.maven.apache.org/maven2/io/cucumber/junit-xml-formatter/0.5.0/junit-xml-formatter-0.5.0-sources.jar
2024-11-23 08:07:17,648 [Worker-12: Download sources and javadoc] INFO  o.e.m.j.internal.DownloadSourcesJob - Downloaded sources for io.cucumber:junit-xml-formatter:0.5.0
2024-11-23 08:07:42,165 [Worker-12: Building] INFO  o.a.m.s.f.DefaultMavenResourcesFiltering - skip non existing resourceDirectory C:\Users\Hi\Fitpeo_assignment\V1\src\main\resources
2024-11-23 08:07:42,191 [Worker-12: Building] INFO  o.a.m.s.f.DefaultMavenResourcesFiltering - skip non existing resourceDirectory C:\Users\Hi\Fitpeo_assignment\V1\src\test\resources
2024-11-23 08:11:12,601 [Worker-14: Building] INFO  o.a.m.s.f.DefaultMavenResourcesFiltering - skip non existing resourceDirectory C:\Users\Hi\Fitpeo_assignment\V1\src\main\resources
2024-11-23 08:11:12,614 [Worker-14: Building] INFO  o.a.m.s.f.DefaultMavenResourcesFiltering - skip non existing resourceDirectory C:\Users\Hi\Fitpeo_assignment\V1\src\test\resources
2024-11-23 08:12:11,463 [Worker-15: Building] INFO  o.a.m.s.f.DefaultMavenResourcesFiltering - skip non existing resourceDirectory C:\Users\Hi\Fitpeo_assignment\V1\src\main\resources
2024-11-23 08:12:11,466 [Worker-15: Building] INFO  o.a.m.s.f.DefaultMavenResourcesFiltering - skip non existing resourceDirectory C:\Users\Hi\Fitpeo_assignment\V1\src\test\resources
2024-11-23 08:13:19,209 [Worker-14: Building] INFO  o.a.m.s.f.DefaultMavenResourcesFiltering - skip non existing resourceDirectory C:\Users\Hi\Fitpeo_assignment\V1\src\main\resources
2024-11-23 08:13:19,212 [Worker-14: Building] INFO  o.a.m.s.f.DefaultMavenResourcesFiltering - skip non existing resourceDirectory C:\Users\Hi\Fitpeo_assignment\V1\src\test\resources
2024-11-23 08:13:43,390 [Worker-19: Build project V1] INFO  o.a.m.s.f.DefaultMavenResourcesFiltering - skip non existing resourceDirectory C:\Users\Hi\Fitpeo_assignment\V1\src\main\resources
2024-11-23 08:13:43,395 [Worker-19: Build project V1] INFO  o.a.m.s.f.DefaultMavenResourcesFiltering - skip non existing resourceDirectory C:\Users\Hi\Fitpeo_assignment\V1\src\test\resources
2024-11-23 08:14:31,433 [Worker-16: Building] INFO  o.a.m.s.f.DefaultMavenResourcesFiltering - skip non existing resourceDirectory C:\Users\Hi\Fitpeo_assignment\V1\src\main\resources
2024-11-23 08:14:31,438 [Worker-16: Building] INFO  o.a.m.s.f.DefaultMavenResourcesFiltering - skip non existing resourceDirectory C:\Users\Hi\Fitpeo_assignment\V1\src\test\resources
2024-11-23 08:15:37,563 [Worker-14: Building] INFO  o.a.m.s.f.DefaultMavenResourcesFiltering - skip non existing resourceDirectory C:\Users\Hi\Fitpeo_assignment\V1\src\main\resources
2024-11-23 08:15:37,576 [Worker-14: Building] INFO  o.a.m.s.f.DefaultMavenResourcesFiltering - skip non existing resourceDirectory C:\Users\Hi\Fitpeo_assignment\V1\src\test\resources
2024-11-23 08:15:47,715 [Worker-20: Building] INFO  o.a.m.s.f.DefaultMavenResourcesFiltering - skip non existing resourceDirectory C:\Users\Hi\Fitpeo_assignment\V1\src\main\resources
2024-11-23 08:15:47,717 [Worker-20: Building] INFO  o.a.m.s.f.DefaultMavenResourcesFiltering - skip non existing resourceDirectory C:\Users\Hi\Fitpeo_assignment\V1\src\test\resources
2024-11-23 08:16:14,939 [Worker-5: Building] INFO  o.a.m.s.f.DefaultMavenResourcesFiltering - skip non existing resourceDirectory C:\Users\Hi\Fitpeo_assignment\V1\src\main\resources
2024-11-23 08:16:14,961 [Worker-5: Building] INFO  o.a.m.s.f.DefaultMavenResourcesFiltering - skip non existing resourceDirectory C:\Users\Hi\Fitpeo_assignment\V1\src\test\resources
2024-11-23 08:16:36,347 [Worker-14: Building] INFO  o.a.m.s.f.DefaultMavenResourcesFiltering - skip non existing resourceDirectory C:\Users\Hi\Fitpeo_assignment\V1\src\main\resources
2024-11-23 08:16:36,350 [Worker-14: Building] INFO  o.a.m.s.f.DefaultMavenResourcesFiltering - skip non existing resourceDirectory C:\Users\Hi\Fitpeo_assignment\V1\src\test\resources
2024-11-23 08:20:41,508 [Worker-16: Building] INFO  o.a.m.s.f.DefaultMavenResourcesFiltering - skip non existing resourceDirectory C:\Users\Hi\Fitpeo_assignment\V1\src\main\resources
2024-11-23 08:20:41,557 [Worker-16: Building] INFO  o.a.m.s.f.DefaultMavenResourcesFiltering - skip non existing resourceDirectory C:\Users\Hi\Fitpeo_assignment\V1\src\test\resources
2024-11-23 08:22:04,115 [Worker-21: Building] INFO  o.a.m.s.f.DefaultMavenResourcesFiltering - skip non existing resourceDirectory C:\Users\Hi\Fitpeo_assignment\V1\src\main\resources
2024-11-23 08:22:04,229 [Worker-21: Building] INFO  o.a.m.s.f.DefaultMavenResourcesFiltering - skip non existing resourceDirectory C:\Users\Hi\Fitpeo_assignment\V1\src\test\resources
2024-11-23 08:23:05,115 [Worker-21: Building] INFO  o.a.m.s.f.DefaultMavenResourcesFiltering - skip non existing resourceDirectory C:\Users\Hi\Fitpeo_assignment\V1\src\main\resources
2024-11-23 08:23:05,118 [Worker-21: Building] INFO  o.a.m.s.f.DefaultMavenResourcesFiltering - skip non existing resourceDirectory C:\Users\Hi\Fitpeo_assignment\V1\src\test\resources
2024-11-23 08:25:35,557 [Worker-23: Building] INFO  o.e.m.c.i.l.LifecycleMappingFactory - Using org.eclipse.m2e.jdt.JarLifecycleMapping lifecycle mapping for MavenProject: fro_assignment:V1:0.0.1-SNAPSHOT @ C:\Users\Hi\Fitpeo_assignment\V1\pom.xml.
2024-11-23 08:25:50,119 [Worker-23: Building] INFO  o.a.m.s.f.DefaultMavenResourcesFiltering - skip non existing resourceDirectory C:\Users\Hi\Fitpeo_assignment\V1\src\main\resources
2024-11-23 08:25:50,127 [Worker-23: Building] INFO  o.a.m.s.f.DefaultMavenResourcesFiltering - skip non existing resourceDirectory C:\Users\Hi\Fitpeo_assignment\V1\src\test\resources
2024-11-23 08:25:54,942 [Worker-16: Building] INFO  o.e.m.c.i.l.LifecycleMappingFactory - Using org.eclipse.m2e.jdt.JarLifecycleMapping lifecycle mapping for MavenProject: fro_assignment:V1:0.0.1-SNAPSHOT @ C:\Users\Hi\Fitpeo_assignment\V1\pom.xml.
2024-11-23 08:25:57,392 [Worker-16: Building] INFO  o.a.m.s.f.DefaultMavenResourcesFiltering - skip non existing resourceDirectory C:\Users\Hi\Fitpeo_assignment\V1\src\main\resources
2024-11-23 08:25:57,398 [Worker-16: Building] INFO  o.a.m.s.f.DefaultMavenResourcesFiltering - skip non existing resourceDirectory C:\Users\Hi\Fitpeo_assignment\V1\src\test\resources
2024-11-23 08:26:28,724 [Worker-15: Building] INFO  o.a.m.s.f.DefaultMavenResourcesFiltering - skip non existing resourceDirectory C:\Users\Hi\Fitpeo_assignment\V1\src\main\resources
2024-11-23 08:26:28,727 [Worker-15: Building] INFO  o.a.m.s.f.DefaultMavenResourcesFiltering - skip non existing resourceDirectory C:\Users\Hi\Fitpeo_assignment\V1\src\test\resources
2024-11-23 08:33:48,738 [Worker-19: Building] INFO  o.a.m.s.f.DefaultMavenResourcesFiltering - skip non existing resourceDirectory C:\Users\Hi\Fitpeo_assignment\V1\src\main\resources
2024-11-23 08:33:49,134 [Worker-19: Building] INFO  o.a.m.s.f.DefaultMavenResourcesFiltering - skip non existing resourceDirectory C:\Users\Hi\Fitpeo_assignment\V1\src\test\resources
2024-11-23 08:34:30,185 [Worker-19: Building] INFO  o.a.m.s.f.DefaultMavenResourcesFiltering - skip non existing resourceDirectory C:\Users\Hi\Fitpeo_assignment\V1\src\main\resources
2024-11-23 08:34:30,189 [Worker-19: Building] INFO  o.a.m.s.f.DefaultMavenResourcesFiltering - skip non existing resourceDirectory C:\Users\Hi\Fitpeo_assignment\V1\src\test\resources
2024-11-23 08:35:10,514 [Worker-15: Building] INFO  o.a.m.s.f.DefaultMavenResourcesFiltering - skip non existing resourceDirectory C:\Users\Hi\Fitpeo_assignment\V1\src\main\resources
2024-11-23 08:35:10,517 [Worker-15: Building] INFO  o.a.m.s.f.DefaultMavenResourcesFiltering - skip non existing resourceDirectory C:\Users\Hi\Fitpeo_assignment\V1\src\test\resources
2024-11-23 08:37:49,948 [Worker-25: Building] INFO  o.a.m.s.f.DefaultMavenResourcesFiltering - skip non existing resourceDirectory C:\Users\Hi\Fitpeo_assignment\V1\src\main\resources
2024-11-23 08:37:49,950 [Worker-25: Building] INFO  o.a.m.s.f.DefaultMavenResourcesFiltering - skip non existing resourceDirectory C:\Users\Hi\Fitpeo_assignment\V1\src\test\resources
2024-11-23 08:38:36,000 [Worker-25: Building] INFO  o.a.m.s.f.DefaultMavenResourcesFiltering - skip non existing resourceDirectory C:\Users\Hi\Fitpeo_assignment\V1\src\main\resources
2024-11-23 08:38:36,002 [Worker-25: Building] INFO  o.a.m.s.f.DefaultMavenResourcesFiltering - skip non existing resourceDirectory C:\Users\Hi\Fitpeo_assignment\V1\src\test\resources
2024-11-23 08:41:42,892 [Worker-25: Building] INFO  o.a.m.s.f.DefaultMavenResourcesFiltering - skip non existing resourceDirectory C:\Users\Hi\Fitpeo_assignment\V1\src\main\resources
2024-11-23 08:41:42,894 [Worker-25: Building] INFO  o.a.m.s.f.DefaultMavenResourcesFiltering - skip non existing resourceDirectory C:\Users\Hi\Fitpeo_assignment\V1\src\test\resources
2024-11-23 08:43:11,992 [Worker-15: Building] INFO  o.a.m.s.f.DefaultMavenResourcesFiltering - skip non existing resourceDirectory C:\Users\Hi\Fitpeo_assignment\V1\src\main\resources
2024-11-23 08:43:11,995 [Worker-15: Building] INFO  o.a.m.s.f.DefaultMavenResourcesFiltering - skip non existing resourceDirectory C:\Users\Hi\Fitpeo_assignment\V1\src\test\resources
2024-11-23 08:51:21,517 [Worker-19: Building] INFO  o.a.m.s.f.DefaultMavenResourcesFiltering - skip non existing resourceDirectory C:\Users\Hi\Fitpeo_assignment\V1\src\main\resources
2024-11-23 08:51:21,764 [Worker-19: Building] INFO  o.a.m.s.f.DefaultMavenResourcesFiltering - skip non existing resourceDirectory C:\Users\Hi\Fitpeo_assignment\V1\src\test\resources
2024-11-23 08:56:53,480 [Worker-29: Building] INFO  o.a.m.s.f.DefaultMavenResourcesFiltering - skip non existing resourceDirectory C:\Users\Hi\Fitpeo_assignment\V1\src\main\resources
2024-11-23 08:56:53,499 [Worker-29: Building] INFO  o.a.m.s.f.DefaultMavenResourcesFiltering - skip non existing resourceDirectory C:\Users\Hi\Fitpeo_assignment\V1\src\test\resources
2024-11-23 08:58:07,475 [Worker-25: Building] INFO  o.a.m.s.f.DefaultMavenResourcesFiltering - skip non existing resourceDirectory C:\Users\Hi\Fitpeo_assignment\V1\src\main\resources
2024-11-23 08:58:07,513 [Worker-25: Building] INFO  o.a.m.s.f.DefaultMavenResourcesFiltering - skip non existing resourceDirectory C:\Users\Hi\Fitpeo_assignment\V1\src\test\resources
2024-11-23 08:59:53,298 [Worker-29: Building] INFO  o.a.m.s.f.DefaultMavenResourcesFiltering - skip non existing resourceDirectory C:\Users\Hi\Fitpeo_assignment\V1\src\main\resources
2024-11-23 08:59:53,300 [Worker-29: Building] INFO  o.a.m.s.f.DefaultMavenResourcesFiltering - skip non existing resourceDirectory C:\Users\Hi\Fitpeo_assignment\V1\src\test\resources
2024-11-23 08:59:56,682 [Worker-30: Building] INFO  o.a.m.s.f.DefaultMavenResourcesFiltering - skip non existing resourceDirectory C:\Users\Hi\Fitpeo_assignment\V1\src\main\resources
2024-11-23 08:59:56,685 [Worker-30: Building] INFO  o.a.m.s.f.DefaultMavenResourcesFiltering - skip non existing resourceDirectory C:\Users\Hi\Fitpeo_assignment\V1\src\test\resources
2024-11-23 09:00:03,361 [Worker-25: Building] INFO  o.a.m.s.f.DefaultMavenResourcesFiltering - skip non existing resourceDirectory C:\Users\Hi\Fitpeo_assignment\V1\src\main\resources
2024-11-23 09:00:03,364 [Worker-25: Building] INFO  o.a.m.s.f.DefaultMavenResourcesFiltering - skip non existing resourceDirectory C:\Users\Hi\Fitpeo_assignment\V1\src\test\resources
2024-11-23 09:01:20,367 [Worker-29: Building] INFO  o.a.m.s.f.DefaultMavenResourcesFiltering - skip non existing resourceDirectory C:\Users\Hi\Fitpeo_assignment\V1\src\main\resources
2024-11-23 09:01:20,435 [Worker-29: Building] INFO  o.a.m.s.f.DefaultMavenResourcesFiltering - skip non existing resourceDirectory C:\Users\Hi\Fitpeo_assignment\V1\src\test\resources
2024-11-23 09:02:53,362 [Worker-28: Building] INFO  o.a.m.s.f.DefaultMavenResourcesFiltering - skip non existing resourceDirectory C:\Users\Hi\Fitpeo_assignment\V1\src\main\resources
2024-11-23 09:02:53,366 [Worker-28: Building] INFO  o.a.m.s.f.DefaultMavenResourcesFiltering - skip non existing resourceDirectory C:\Users\Hi\Fitpeo_assignment\V1\src\test\resources
2024-11-23 09:03:58,430 [Worker-15: Building] INFO  o.a.m.s.f.DefaultMavenResourcesFiltering - skip non existing resourceDirectory C:\Users\Hi\Fitpeo_assignment\V1\src\main\resources
2024-11-23 09:03:58,432 [Worker-15: Building] INFO  o.a.m.s.f.DefaultMavenResourcesFiltering - skip non existing resourceDirectory C:\Users\Hi\Fitpeo_assignment\V1\src\test\resources
2024-11-23 09:04:06,702 [Worker-27: Building] INFO  o.a.m.s.f.DefaultMavenResourcesFiltering - skip non existing resourceDirectory C:\Users\Hi\Fitpeo_assignment\V1\src\main\resources
2024-11-23 09:04:06,704 [Worker-27: Building] INFO  o.a.m.s.f.DefaultMavenResourcesFiltering - skip non existing resourceDirectory C:\Users\Hi\Fitpeo_assignment\V1\src\test\resources
2024-11-23 09:05:11,423 [Worker-28: Building] INFO  o.a.m.s.f.DefaultMavenResourcesFiltering - skip non existing resourceDirectory C:\Users\Hi\Fitpeo_assignment\V1\src\main\resources
2024-11-23 09:05:11,426 [Worker-28: Building] INFO  o.a.m.s.f.DefaultMavenResourcesFiltering - skip non existing resourceDirectory C:\Users\Hi\Fitpeo_assignment\V1\src\test\resources
2024-11-23 09:06:19,220 [Worker-27: Building] INFO  o.a.m.s.f.DefaultMavenResourcesFiltering - skip non existing resourceDirectory C:\Users\Hi\Fitpeo_assignment\V1\src\main\resources
2024-11-23 09:06:19,224 [Worker-27: Building] INFO  o.a.m.s.f.DefaultMavenResourcesFiltering - skip non existing resourceDirectory C:\Users\Hi\Fitpeo_assignment\V1\src\test\resources
2024-11-23 09:06:21,878 [Worker-15: Building] INFO  o.a.m.s.f.DefaultMavenResourcesFiltering - skip non existing resourceDirectory C:\Users\Hi\Fitpeo_assignment\V1\src\main\resources
2024-11-23 09:06:21,880 [Worker-15: Building] INFO  o.a.m.s.f.DefaultMavenResourcesFiltering - skip non existing resourceDirectory C:\Users\Hi\Fitpeo_assignment\V1\src\test\resources
2024-11-23 09:07:59,780 [Worker-15: Building] INFO  o.a.m.s.f.DefaultMavenResourcesFiltering - skip non existing resourceDirectory C:\Users\Hi\Fitpeo_assignment\V1\src\main\resources
2024-11-23 09:07:59,782 [Worker-15: Building] INFO  o.a.m.s.f.DefaultMavenResourcesFiltering - skip non existing resourceDirectory C:\Users\Hi\Fitpeo_assignment\V1\src\test\resources
2024-11-23 09:08:04,351 [Worker-30: Building] INFO  o.a.m.s.f.DefaultMavenResourcesFiltering - skip non existing resourceDirectory C:\Users\Hi\Fitpeo_assignment\V1\src\main\resources
2024-11-23 09:08:04,353 [Worker-30: Building] INFO  o.a.m.s.f.DefaultMavenResourcesFiltering - skip non existing resourceDirectory C:\Users\Hi\Fitpeo_assignment\V1\src\test\resources
2024-11-23 09:14:43,582 [Worker-15: Building] INFO  o.a.m.s.f.DefaultMavenResourcesFiltering - skip non existing resourceDirectory C:\Users\Hi\Fitpeo_assignment\V1\src\main\resources
2024-11-23 09:14:43,587 [Worker-15: Building] INFO  o.a.m.s.f.DefaultMavenResourcesFiltering - skip non existing resourceDirectory C:\Users\Hi\Fitpeo_assignment\V1\src\test\resources
2024-11-23 09:15:44,132 [Worker-29: Building] INFO  o.a.m.s.f.DefaultMavenResourcesFiltering - skip non existing resourceDirectory C:\Users\Hi\Fitpeo_assignment\V1\src\main\resources
2024-11-23 09:15:44,189 [Worker-29: Building] INFO  o.a.m.s.f.DefaultMavenResourcesFiltering - skip non existing resourceDirectory C:\Users\Hi\Fitpeo_assignment\V1\src\test\resources
2024-11-23 09:19:06,656 [Worker-15: Building] INFO  o.a.m.s.f.DefaultMavenResourcesFiltering - skip non existing resourceDirectory C:\Users\Hi\Fitpeo_assignment\V1\src\main\resources
2024-11-23 09:19:06,658 [Worker-15: Building] INFO  o.a.m.s.f.DefaultMavenResourcesFiltering - skip non existing resourceDirectory C:\Users\Hi\Fitpeo_assignment\V1\src\test\resources
2024-11-23 09:19:58,707 [Worker-28: Building] INFO  o.a.m.s.f.DefaultMavenResourcesFiltering - skip non existing resourceDirectory C:\Users\Hi\Fitpeo_assignment\V1\src\main\resources
2024-11-23 09:19:58,709 [Worker-28: Building] INFO  o.a.m.s.f.DefaultMavenResourcesFiltering - skip non existing resourceDirectory C:\Users\Hi\Fitpeo_assignment\V1\src\test\resources
2024-11-23 09:20:28,385 [Worker-32: Building] INFO  o.a.m.s.f.DefaultMavenResourcesFiltering - skip non existing resourceDirectory C:\Users\Hi\Fitpeo_assignment\V1\src\main\resources
2024-11-23 09:20:28,388 [Worker-32: Building] INFO  o.a.m.s.f.DefaultMavenResourcesFiltering - skip non existing resourceDirectory C:\Users\Hi\Fitpeo_assignment\V1\src\test\resources
2024-11-23 09:21:52,290 [Worker-29: Building] INFO  o.a.m.s.f.DefaultMavenResourcesFiltering - skip non existing resourceDirectory C:\Users\Hi\Fitpeo_assignment\V1\src\main\resources
2024-11-23 09:21:52,294 [Worker-29: Building] INFO  o.a.m.s.f.DefaultMavenResourcesFiltering - skip non existing resourceDirectory C:\Users\Hi\Fitpeo_assignment\V1\src\test\resources
2024-11-23 09:23:10,432 [Worker-33: Building] INFO  o.a.m.s.f.DefaultMavenResourcesFiltering - skip non existing resourceDirectory C:\Users\Hi\Fitpeo_assignment\V1\src\main\resources
2024-11-23 09:23:10,477 [Worker-33: Building] INFO  o.a.m.s.f.DefaultMavenResourcesFiltering - skip non existing resourceDirectory C:\Users\Hi\Fitpeo_assignment\V1\src\test\resources
2024-11-23 09:24:05,744 [Worker-32: Building] INFO  o.a.m.s.f.DefaultMavenResourcesFiltering - skip non existing resourceDirectory C:\Users\Hi\Fitpeo_assignment\V1\src\main\resources
2024-11-23 09:24:05,747 [Worker-32: Building] INFO  o.a.m.s.f.DefaultMavenResourcesFiltering - skip non existing resourceDirectory C:\Users\Hi\Fitpeo_assignment\V1\src\test\resources
2024-11-23 09:24:22,549 [Worker-28: Building] INFO  o.a.m.s.f.DefaultMavenResourcesFiltering - skip non existing resourceDirectory C:\Users\Hi\Fitpeo_assignment\V1\src\main\resources
2024-11-23 09:24:22,552 [Worker-28: Building] INFO  o.a.m.s.f.DefaultMavenResourcesFiltering - skip non existing resourceDirectory C:\Users\Hi\Fitpeo_assignment\V1\src\test\resources
2024-11-23 09:25:50,692 [Worker-32: Building] INFO  o.a.m.s.f.DefaultMavenResourcesFiltering - skip non existing resourceDirectory C:\Users\Hi\Fitpeo_assignment\V1\src\main\resources
2024-11-23 09:25:50,695 [Worker-32: Building] INFO  o.a.m.s.f.DefaultMavenResourcesFiltering - skip non existing resourceDirectory C:\Users\Hi\Fitpeo_assignment\V1\src\test\resources
2024-11-23 09:27:04,940 [Worker-32: Building] INFO  o.a.m.s.f.DefaultMavenResourcesFiltering - skip non existing resourceDirectory C:\Users\Hi\Fitpeo_assignment\V1\src\main\resources
2024-11-23 09:27:04,942 [Worker-32: Building] INFO  o.a.m.s.f.DefaultMavenResourcesFiltering - skip non existing resourceDirectory C:\Users\Hi\Fitpeo_assignment\V1\src\test\resources
2024-11-23 09:27:15,664 [Worker-32: Building] INFO  o.a.m.s.f.DefaultMavenResourcesFiltering - skip non existing resourceDirectory C:\Users\Hi\Fitpeo_assignment\V1\src\main\resources
2024-11-23 09:27:15,666 [Worker-32: Building] INFO  o.a.m.s.f.DefaultMavenResourcesFiltering - skip non existing resourceDirectory C:\Users\Hi\Fitpeo_assignment\V1\src\test\resources
2024-11-23 09:29:04,190 [Worker-29: Building] INFO  o.a.m.s.f.DefaultMavenResourcesFiltering - skip non existing resourceDirectory C:\Users\Hi\Fitpeo_assignment\V1\src\main\resources
2024-11-23 09:29:04,191 [Worker-29: Building] INFO  o.a.m.s.f.DefaultMavenResourcesFiltering - skip non existing resourceDirectory C:\Users\Hi\Fitpeo_assignment\V1\src\test\resources
2024-11-23 09:31:46,498 [Worker-29: Building] INFO  o.a.m.s.f.DefaultMavenResourcesFiltering - skip non existing resourceDirectory C:\Users\Hi\Fitpeo_assignment\V1\src\main\resources
2024-11-23 09:31:46,500 [Worker-29: Building] INFO  o.a.m.s.f.DefaultMavenResourcesFiltering - skip non existing resourceDirectory C:\Users\Hi\Fitpeo_assignment\V1\src\test\resources
2024-11-23 09:31:48,316 [Worker-32: Building] INFO  o.a.m.s.f.DefaultMavenResourcesFiltering - skip non existing resourceDirectory C:\Users\Hi\Fitpeo_assignment\V1\src\main\resources
2024-11-23 09:31:48,318 [Worker-32: Building] INFO  o.a.m.s.f.DefaultMavenResourcesFiltering - skip non existing resourceDirectory C:\Users\Hi\Fitpeo_assignment\V1\src\test\resources
2024-11-23 09:49:57,580 [Worker-33: Building] INFO  o.a.m.s.f.DefaultMavenResourcesFiltering - skip non existing resourceDirectory C:\Users\Hi\Fitpeo_assignment\V1\src\main\resources
2024-11-23 09:49:57,583 [Worker-33: Building] INFO  o.a.m.s.f.DefaultMavenResourcesFiltering - skip non existing resourceDirectory C:\Users\Hi\Fitpeo_assignment\V1\src\test\resources
2024-11-23 09:51:34,380 [Worker-35: Building] INFO  o.a.m.s.f.DefaultMavenResourcesFiltering - skip non existing resourceDirectory C:\Users\Hi\Fitpeo_assignment\V1\src\main\resources
2024-11-23 09:51:34,382 [Worker-35: Building] INFO  o.a.m.s.f.DefaultMavenResourcesFiltering - skip non existing resourceDirectory C:\Users\Hi\Fitpeo_assignment\V1\src\test\resources
2024-11-23 09:52:53,169 [Worker-28: Building] INFO  o.a.m.s.f.DefaultMavenResourcesFiltering - skip non existing resourceDirectory C:\Users\Hi\Fitpeo_assignment\V1\src\main\resources
2024-11-23 09:52:53,226 [Worker-28: Building] INFO  o.a.m.s.f.DefaultMavenResourcesFiltering - skip non existing resourceDirectory C:\Users\Hi\Fitpeo_assignment\V1\src\test\resources
2024-11-23 09:53:57,061 [Worker-33: Building] INFO  o.a.m.s.f.DefaultMavenResourcesFiltering - skip non existing resourceDirectory C:\Users\Hi\Fitpeo_assignment\V1\src\main\resources
2024-11-23 09:53:57,130 [Worker-33: Building] INFO  o.a.m.s.f.DefaultMavenResourcesFiltering - skip non existing resourceDirectory C:\Users\Hi\Fitpeo_assignment\V1\src\test\resources
2024-11-23 09:55:42,403 [Worker-28: Building] INFO  o.a.m.s.f.DefaultMavenResourcesFiltering - skip non existing resourceDirectory C:\Users\Hi\Fitpeo_assignment\V1\src\main\resources
2024-11-23 09:55:42,405 [Worker-28: Building] INFO  o.a.m.s.f.DefaultMavenResourcesFiltering - skip non existing resourceDirectory C:\Users\Hi\Fitpeo_assignment\V1\src\test\resources
2024-11-23 09:56:18,486 [Worker-31: Building] INFO  o.a.m.s.f.DefaultMavenResourcesFiltering - skip non existing resourceDirectory C:\Users\Hi\Fitpeo_assignment\V1\src\main\resources
2024-11-23 09:56:18,564 [Worker-31: Building] INFO  o.a.m.s.f.DefaultMavenResourcesFiltering - skip non existing resourceDirectory C:\Users\Hi\Fitpeo_assignment\V1\src\test\resources
2024-11-23 09:58:19,972 [Worker-36: Building] INFO  o.a.m.s.f.DefaultMavenResourcesFiltering - skip non existing resourceDirectory C:\Users\Hi\Fitpeo_assignment\V1\src\main\resources
2024-11-23 09:58:19,974 [Worker-36: Building] INFO  o.a.m.s.f.DefaultMavenResourcesFiltering - skip non existing resourceDirectory C:\Users\Hi\Fitpeo_assignment\V1\src\test\resources
2024-11-23 10:00:25,300 [Worker-31: Building] INFO  o.a.m.s.f.DefaultMavenResourcesFiltering - skip non existing resourceDirectory C:\Users\Hi\Fitpeo_assignment\V1\src\main\resources
2024-11-23 10:00:25,302 [Worker-31: Building] INFO  o.a.m.s.f.DefaultMavenResourcesFiltering - skip non existing resourceDirectory C:\Users\Hi\Fitpeo_assignment\V1\src\test\resources
2024-11-23 10:03:53,275 [Worker-36: Building] INFO  o.a.m.s.f.DefaultMavenResourcesFiltering - skip non existing resourceDirectory C:\Users\Hi\Fitpeo_assignment\V1\src\main\resources
2024-11-23 10:03:53,277 [Worker-36: Building] INFO  o.a.m.s.f.DefaultMavenResourcesFiltering - skip non existing resourceDirectory C:\Users\Hi\Fitpeo_assignment\V1\src\test\resources
2024-11-23 10:05:36,887 [Worker-33: Building] INFO  o.a.m.s.f.DefaultMavenResourcesFiltering - skip non existing resourceDirectory C:\Users\Hi\Fitpeo_assignment\V1\src\main\resources
2024-11-23 10:05:36,904 [Worker-33: Building] INFO  o.a.m.s.f.DefaultMavenResourcesFiltering - skip non existing resourceDirectory C:\Users\Hi\Fitpeo_assignment\V1\src\test\resources
2024-11-23 10:06:59,191 [Worker-36: Building] INFO  o.a.m.s.f.DefaultMavenResourcesFiltering - skip non existing resourceDirectory C:\Users\Hi\Fitpeo_assignment\V1\src\main\resources
2024-11-23 10:06:59,256 [Worker-36: Building] INFO  o.a.m.s.f.DefaultMavenResourcesFiltering - skip non existing resourceDirectory C:\Users\Hi\Fitpeo_assignment\V1\src\test\resources
2024-11-23 10:08:17,908 [Worker-39: Building] INFO  o.a.m.s.f.DefaultMavenResourcesFiltering - skip non existing resourceDirectory C:\Users\Hi\Fitpeo_assignment\V1\src\main\resources
2024-11-23 10:08:17,988 [Worker-39: Building] INFO  o.a.m.s.f.DefaultMavenResourcesFiltering - skip non existing resourceDirectory C:\Users\Hi\Fitpeo_assignment\V1\src\test\resources
2024-11-23 10:09:10,293 [Worker-37: Building] INFO  o.a.m.s.f.DefaultMavenResourcesFiltering - skip non existing resourceDirectory C:\Users\Hi\Fitpeo_assignment\V1\src\main\resources
2024-11-23 10:09:10,315 [Worker-37: Building] INFO  o.a.m.s.f.DefaultMavenResourcesFiltering - skip non existing resourceDirectory C:\Users\Hi\Fitpeo_assignment\V1\src\test\resources
2024-11-23 10:10:41,689 [Worker-34: Building] INFO  o.a.m.s.f.DefaultMavenResourcesFiltering - skip non existing resourceDirectory C:\Users\Hi\Fitpeo_assignment\V1\src\main\resources
2024-11-23 10:10:41,691 [Worker-34: Building] INFO  o.a.m.s.f.DefaultMavenResourcesFiltering - skip non existing resourceDirectory C:\Users\Hi\Fitpeo_assignment\V1\src\test\resources
2024-11-23 10:12:43,625 [Worker-39: Building] INFO  o.a.m.s.f.DefaultMavenResourcesFiltering - skip non existing resourceDirectory C:\Users\Hi\Fitpeo_assignment\V1\src\main\resources
2024-11-23 10:12:43,660 [Worker-39: Building] INFO  o.a.m.s.f.DefaultMavenResourcesFiltering - skip non existing resourceDirectory C:\Users\Hi\Fitpeo_assignment\V1\src\test\resources
2024-11-23 10:14:26,192 [Worker-36: Building] INFO  o.a.m.s.f.DefaultMavenResourcesFiltering - skip non existing resourceDirectory C:\Users\Hi\Fitpeo_assignment\V1\src\main\resources
2024-11-23 10:14:26,194 [Worker-36: Building] INFO  o.a.m.s.f.DefaultMavenResourcesFiltering - skip non existing resourceDirectory C:\Users\Hi\Fitpeo_assignment\V1\src\test\resources
2024-11-23 10:16:46,898 [Worker-31: Building] INFO  o.a.m.s.f.DefaultMavenResourcesFiltering - skip non existing resourceDirectory C:\Users\Hi\Fitpeo_assignment\V1\src\main\resources
2024-11-23 10:16:46,900 [Worker-31: Building] INFO  o.a.m.s.f.DefaultMavenResourcesFiltering - skip non existing resourceDirectory C:\Users\Hi\Fitpeo_assignment\V1\src\test\resources
2024-11-23 10:21:08,765 [Worker-36: Building] INFO  o.a.m.s.f.DefaultMavenResourcesFiltering - skip non existing resourceDirectory C:\Users\Hi\Fitpeo_assignment\V1\src\main\resources
2024-11-23 10:21:08,768 [Worker-36: Building] INFO  o.a.m.s.f.DefaultMavenResourcesFiltering - skip non existing resourceDirectory C:\Users\Hi\Fitpeo_assignment\V1\src\test\resources
2024-11-23 10:22:44,794 [Worker-39: Building] INFO  o.a.m.s.f.DefaultMavenResourcesFiltering - skip non existing resourceDirectory C:\Users\Hi\Fitpeo_assignment\V1\src\main\resources
2024-11-23 10:22:44,798 [Worker-39: Building] INFO  o.a.m.s.f.DefaultMavenResourcesFiltering - skip non existing resourceDirectory C:\Users\Hi\Fitpeo_assignment\V1\src\test\resources
2024-11-23 10:26:19,441 [Worker-36: Building] INFO  o.a.m.s.f.DefaultMavenResourcesFiltering - skip non existing resourceDirectory C:\Users\Hi\Fitpeo_assignment\V1\src\main\resources
2024-11-23 10:26:19,445 [Worker-36: Building] INFO  o.a.m.s.f.DefaultMavenResourcesFiltering - skip non existing resourceDirectory C:\Users\Hi\Fitpeo_assignment\V1\src\test\resources
2024-11-23 10:41:27,565 [Worker-37: Building] INFO  o.a.m.s.f.DefaultMavenResourcesFiltering - skip non existing resourceDirectory C:\Users\Hi\Fitpeo_assignment\V1\src\main\resources
2024-11-23 10:41:28,266 [Worker-37: Building] INFO  o.a.m.s.f.DefaultMavenResourcesFiltering - skip non existing resourceDirectory C:\Users\Hi\Fitpeo_assignment\V1\src\test\resources
2024-11-23 10:42:22,082 [Worker-37: Building] INFO  o.a.m.s.f.DefaultMavenResourcesFiltering - skip non existing resourceDirectory C:\Users\Hi\Fitpeo_assignment\V1\src\main\resources
2024-11-23 10:42:22,613 [Worker-37: Building] INFO  o.a.m.s.f.DefaultMavenResourcesFiltering - skip non existing resourceDirectory C:\Users\Hi\Fitpeo_assignment\V1\src\test\resources
2024-11-23 10:45:33,548 [Worker-41: Building] INFO  o.a.m.s.f.DefaultMavenResourcesFiltering - skip non existing resourceDirectory C:\Users\Hi\Fitpeo_assignment\V1\src\main\resources
2024-11-23 10:45:33,551 [Worker-41: Building] INFO  o.a.m.s.f.DefaultMavenResourcesFiltering - skip non existing resourceDirectory C:\Users\Hi\Fitpeo_assignment\V1\src\test\resources
2024-11-23 11:02:25,816 [Worker-42: Building] INFO  o.a.m.s.f.DefaultMavenResourcesFiltering - skip non existing resourceDirectory C:\Users\Hi\Fitpeo_assignment\V1\src\main\resources
2024-11-23 11:02:25,958 [Worker-42: Building] INFO  o.a.m.s.f.DefaultMavenResourcesFiltering - skip non existing resourceDirectory C:\Users\Hi\Fitpeo_assignment\V1\src\test\resources
2024-11-23 11:02:28,762 [Worker-44: Building] INFO  o.a.m.s.f.DefaultMavenResourcesFiltering - skip non existing resourceDirectory C:\Users\Hi\Fitpeo_assignment\V1\src\main\resources
2024-11-23 11:02:28,771 [Worker-44: Building] INFO  o.a.m.s.f.DefaultMavenResourcesFiltering - skip non existing resourceDirectory C:\Users\Hi\Fitpeo_assignment\V1\src\test\resources
2024-11-23 11:04:22,150 [Worker-38: Building] INFO  o.a.m.s.f.DefaultMavenResourcesFiltering - skip non existing resourceDirectory C:\Users\Hi\Fitpeo_assignment\V1\src\main\resources
2024-11-23 11:04:22,214 [Worker-38: Building] INFO  o.a.m.s.f.DefaultMavenResourcesFiltering - skip non existing resourceDirectory C:\Users\Hi\Fitpeo_assignment\V1\src\test\resources
2024-11-23 11:07:09,916 [Worker-43: Building] INFO  o.a.m.s.f.DefaultMavenResourcesFiltering - skip non existing resourceDirectory C:\Users\Hi\Fitpeo_assignment\V1\src\main\resources
2024-11-23 11:07:09,932 [Worker-43: Building] INFO  o.a.m.s.f.DefaultMavenResourcesFiltering - skip non existing resourceDirectory C:\Users\Hi\Fitpeo_assignment\V1\src\test\resources
2024-11-23 11:12:56,308 [Worker-45: Building] INFO  o.a.m.s.f.DefaultMavenResourcesFiltering - skip non existing resourceDirectory C:\Users\Hi\Fitpeo_assignment\V1\src\main\resources
2024-11-23 11:12:56,309 [Worker-45: Building] INFO  o.a.m.s.f.DefaultMavenResourcesFiltering - skip non existing resourceDirectory C:\Users\Hi\Fitpeo_assignment\V1\src\test\resources
2024-11-23 11:14:54,586 [Worker-42: Building] INFO  o.a.m.s.f.DefaultMavenResourcesFiltering - skip non existing resourceDirectory C:\Users\Hi\Fitpeo_assignment\V1\src\main\resources
2024-11-23 11:14:54,589 [Worker-42: Building] INFO  o.a.m.s.f.DefaultMavenResourcesFiltering - skip non existing resourceDirectory C:\Users\Hi\Fitpeo_assignment\V1\src\test\resources
2024-11-23 11:15:15,296 [Worker-47: Building] INFO  o.a.m.s.f.DefaultMavenResourcesFiltering - skip non existing resourceDirectory C:\Users\Hi\Fitpeo_assignment\V1\src\main\resources
2024-11-23 11:15:15,299 [Worker-47: Building] INFO  o.a.m.s.f.DefaultMavenResourcesFiltering - skip non existing resourceDirectory C:\Users\Hi\Fitpeo_assignment\V1\src\test\resources
2024-11-23 11:18:46,573 [Worker-49: Building] INFO  o.a.m.s.f.DefaultMavenResourcesFiltering - skip non existing resourceDirectory C:\Users\Hi\Fitpeo_assignment\V1\src\main\resources
2024-11-23 11:18:46,576 [Worker-49: Building] INFO  o.a.m.s.f.DefaultMavenResourcesFiltering - skip non existing resourceDirectory C:\Users\Hi\Fitpeo_assignment\V1\src\test\resources
2024-11-23 11:19:27,081 [Worker-49: Building] INFO  o.a.m.s.f.DefaultMavenResourcesFiltering - skip non existing resourceDirectory C:\Users\Hi\Fitpeo_assignment\V1\src\main\resources
2024-11-23 11:19:27,083 [Worker-49: Building] INFO  o.a.m.s.f.DefaultMavenResourcesFiltering - skip non existing resourceDirectory C:\Users\Hi\Fitpeo_assignment\V1\src\test\resources
2024-11-23 11:28:20,434 [Worker-50: Building] INFO  o.a.m.s.f.DefaultMavenResourcesFiltering - skip non existing resourceDirectory C:\Users\Hi\Fitpeo_assignment\V1\src\main\resources
2024-11-23 11:28:20,460 [Worker-50: Building] INFO  o.a.m.s.f.DefaultMavenResourcesFiltering - skip non existing resourceDirectory C:\Users\Hi\Fitpeo_assignment\V1\src\test\resources
2024-11-23 11:29:40,992 [Worker-48: Building] INFO  o.a.m.s.f.DefaultMavenResourcesFiltering - skip non existing resourceDirectory C:\Users\Hi\Fitpeo_assignment\V1\src\main\resources
2024-11-23 11:29:40,994 [Worker-48: Building] INFO  o.a.m.s.f.DefaultMavenResourcesFiltering - skip non existing resourceDirectory C:\Users\Hi\Fitpeo_assignment\V1\src\test\resources
2024-11-23 11:29:51,257 [Worker-50: Building] INFO  o.a.m.s.f.DefaultMavenResourcesFiltering - skip non existing resourceDirectory C:\Users\Hi\Fitpeo_assignment\V1\src\main\resources
2024-11-23 11:29:51,259 [Worker-50: Building] INFO  o.a.m.s.f.DefaultMavenResourcesFiltering - skip non existing resourceDirectory C:\Users\Hi\Fitpeo_assignment\V1\src\test\resources
2024-11-23 11:31:38,336 [Worker-53: Building] INFO  o.a.m.s.f.DefaultMavenResourcesFiltering - skip non existing resourceDirectory C:\Users\Hi\Fitpeo_assignment\V1\src\main\resources
2024-11-23 11:31:38,448 [Worker-53: Building] INFO  o.a.m.s.f.DefaultMavenResourcesFiltering - skip non existing resourceDirectory C:\Users\Hi\Fitpeo_assignment\V1\src\test\resources
2024-11-23 11:34:13,950 [Worker-53: Building] INFO  o.a.m.s.f.DefaultMavenResourcesFiltering - skip non existing resourceDirectory C:\Users\Hi\Fitpeo_assignment\V1\src\main\resources
2024-11-23 11:34:13,953 [Worker-53: Building] INFO  o.a.m.s.f.DefaultMavenResourcesFiltering - skip non existing resourceDirectory C:\Users\Hi\Fitpeo_assignment\V1\src\test\resources
2024-11-23 11:39:22,503 [Worker-53: Building] INFO  o.a.m.s.f.DefaultMavenResourcesFiltering - skip non existing resourceDirectory C:\Users\Hi\Fitpeo_assignment\V1\src\main\resources
2024-11-23 11:39:22,525 [Worker-53: Building] INFO  o.a.m.s.f.DefaultMavenResourcesFiltering - skip non existing resourceDirectory C:\Users\Hi\Fitpeo_assignment\V1\src\test\resources
2024-11-23 11:41:20,644 [Worker-51: Building] INFO  o.a.m.s.f.DefaultMavenResourcesFiltering - skip non existing resourceDirectory C:\Users\Hi\Fitpeo_assignment\V1\src\main\resources
2024-11-23 11:41:21,386 [Worker-51: Building] INFO  o.a.m.s.f.DefaultMavenResourcesFiltering - skip non existing resourceDirectory C:\Users\Hi\Fitpeo_assignment\V1\src\test\resources
2024-11-23 16:13:15,311 [Worker-56: Building] INFO  o.a.m.s.f.DefaultMavenResourcesFiltering - skip non existing resourceDirectory C:\Users\Hi\Fitpeo_assignment\V1\src\main\resources
2024-11-23 16:13:18,099 [Worker-56: Building] INFO  o.a.m.s.f.DefaultMavenResourcesFiltering - skip non existing resourceDirectory C:\Users\Hi\Fitpeo_assignment\V1\src\test\resources
2024-11-23 16:16:08,828 [Worker-60: Building] INFO  o.a.m.s.f.DefaultMavenResourcesFiltering - skip non existing resourceDirectory C:\Users\Hi\Fitpeo_assignment\V1\src\main\resources
2024-11-23 16:16:08,849 [Worker-60: Building] INFO  o.a.m.s.f.DefaultMavenResourcesFiltering - skip non existing resourceDirectory C:\Users\Hi\Fitpeo_assignment\V1\src\test\resources
2024-11-23 16:19:25,503 [Worker-58: Building] INFO  o.a.m.s.f.DefaultMavenResourcesFiltering - skip non existing resourceDirectory C:\Users\Hi\Fitpeo_assignment\V1\src\main\resources
2024-11-23 16:19:25,601 [Worker-58: Building] INFO  o.a.m.s.f.DefaultMavenResourcesFiltering - skip non existing resourceDirectory C:\Users\Hi\Fitpeo_assignment\V1\src\test\resources
2024-11-23 16:27:00,304 [Worker-60: Building] INFO  o.a.m.s.f.DefaultMavenResourcesFiltering - skip non existing resourceDirectory C:\Users\Hi\Fitpeo_assignment\V1\src\main\resources
2024-11-23 16:27:00,307 [Worker-60: Building] INFO  o.a.m.s.f.DefaultMavenResourcesFiltering - skip non existing resourceDirectory C:\Users\Hi\Fitpeo_assignment\V1\src\test\resources
2024-11-23 16:36:36,270 [Worker-61: Building] INFO  o.a.m.s.f.DefaultMavenResourcesFiltering - skip non existing resourceDirectory C:\Users\Hi\Fitpeo_assignment\V1\src\main\resources
2024-11-23 16:36:36,284 [Worker-61: Building] INFO  o.a.m.s.f.DefaultMavenResourcesFiltering - skip non existing resourceDirectory C:\Users\Hi\Fitpeo_assignment\V1\src\test\resources
2024-11-23 16:37:56,478 [Worker-66: Building] INFO  o.a.m.s.f.DefaultMavenResourcesFiltering - skip non existing resourceDirectory C:\Users\Hi\Fitpeo_assignment\V1\src\main\resources
2024-11-23 16:37:56,480 [Worker-66: Building] INFO  o.a.m.s.f.DefaultMavenResourcesFiltering - skip non existing resourceDirectory C:\Users\Hi\Fitpeo_assignment\V1\src\test\resources
2024-11-23 16:40:25,218 [Worker-64: Building] INFO  o.a.m.s.f.DefaultMavenResourcesFiltering - skip non existing resourceDirectory C:\Users\Hi\Fitpeo_assignment\V1\src\main\resources
2024-11-23 16:40:25,221 [Worker-64: Building] INFO  o.a.m.s.f.DefaultMavenResourcesFiltering - skip non existing resourceDirectory C:\Users\Hi\Fitpeo_assignment\V1\src\test\resources
2024-11-23 16:42:10,333 [Worker-66: Building] INFO  o.a.m.s.f.DefaultMavenResourcesFiltering - skip non existing resourceDirectory C:\Users\Hi\Fitpeo_assignment\V1\src\main\resources
2024-11-23 16:42:10,337 [Worker-66: Building] INFO  o.a.m.s.f.DefaultMavenResourcesFiltering - skip non existing resourceDirectory C:\Users\Hi\Fitpeo_assignment\V1\src\test\resources
2024-11-24 09:49:07,556 [Worker-1: Loading available Gradle versions] INFO  o.e.b.c.i.u.g.PublishedGradleVersions - Gradle version information cache is out-of-date. Trying to update.
2024-11-24 09:49:42,995 [Worker-14: Building] INFO  o.e.m.c.i.e.AbstractTransferListenerAdapter - Downloading https://repo.maven.apache.org/maven2/io/cucumber/messages/maven-metadata.xml
2024-11-24 09:49:43,081 [Worker-14: Building] INFO  o.e.m.c.i.e.AbstractTransferListenerAdapter - Downloaded https://repo.maven.apache.org/maven2/io/cucumber/messages/maven-metadata.xml
2024-11-24 09:49:46,650 [Worker-14: Building] INFO  o.e.m.c.i.e.AbstractTransferListenerAdapter - Downloading https://repo.maven.apache.org/maven2/io/cucumber/query/maven-metadata.xml
2024-11-24 09:49:46,672 [Worker-14: Building] INFO  o.e.m.c.i.e.AbstractTransferListenerAdapter - Downloaded https://repo.maven.apache.org/maven2/io/cucumber/query/maven-metadata.xml
2024-11-24 09:49:59,504 [Worker-14: Building] INFO  o.a.m.s.f.DefaultMavenResourcesFiltering - skip non existing resourceDirectory C:\Users\Hi\Fitpeo_assignment\V1\src\main\resources
2024-11-24 09:49:59,509 [Worker-14: Building] INFO  o.a.m.s.f.DefaultMavenResourcesFiltering - skip non existing resourceDirectory C:\Users\Hi\Fitpeo_assignment\V1\src\test\resources
2024-11-24 09:50:34,417 [Worker-13: Building] INFO  o.a.m.s.f.DefaultMavenResourcesFiltering - skip non existing resourceDirectory C:\Users\Hi\Fitpeo_assignment\V1\src\main\resources
2024-11-24 09:50:34,422 [Worker-13: Building] INFO  o.a.m.s.f.DefaultMavenResourcesFiltering - skip non existing resourceDirectory C:\Users\Hi\Fitpeo_assignment\V1\src\test\resources
2024-11-24 10:02:08,214 [Worker-14: Building] INFO  o.a.m.s.f.DefaultMavenResourcesFiltering - skip non existing resourceDirectory C:\Users\Hi\Fitpeo_assignment\V1\src\main\resources
2024-11-24 10:02:08,219 [Worker-14: Building] INFO  o.a.m.s.f.DefaultMavenResourcesFiltering - skip non existing resourceDirectory C:\Users\Hi\Fitpeo_assignment\V1\src\test\resources
2024-11-24 10:02:17,951 [Worker-3: Building] INFO  o.a.m.s.f.DefaultMavenResourcesFiltering - skip non existing resourceDirectory C:\Users\Hi\Fitpeo_assignment\V1\src\main\resources
2024-11-24 10:02:17,958 [Worker-3: Building] INFO  o.a.m.s.f.DefaultMavenResourcesFiltering - skip non existing resourceDirectory C:\Users\Hi\Fitpeo_assignment\V1\src\test\resources
2024-11-24 10:03:32,257 [Worker-9: Building] INFO  o.a.m.s.f.DefaultMavenResourcesFiltering - skip non existing resourceDirectory C:\Users\Hi\Fitpeo_assignment\V1\src\main\resources
2024-11-24 10:03:32,262 [Worker-9: Building] INFO  o.a.m.s.f.DefaultMavenResourcesFiltering - skip non existing resourceDirectory C:\Users\Hi\Fitpeo_assignment\V1\src\test\resources
2024-11-24 10:03:59,356 [Worker-3: Building] INFO  o.a.m.s.f.DefaultMavenResourcesFiltering - skip non existing resourceDirectory C:\Users\Hi\Fitpeo_assignment\V1\src\main\resources
2024-11-24 10:03:59,364 [Worker-3: Building] INFO  o.a.m.s.f.DefaultMavenResourcesFiltering - skip non existing resourceDirectory C:\Users\Hi\Fitpeo_assignment\V1\src\test\resources
2024-11-24 10:04:05,515 [Worker-6: Building] INFO  o.a.m.s.f.DefaultMavenResourcesFiltering - skip non existing resourceDirectory C:\Users\Hi\Fitpeo_assignment\V1\src\main\resources
2024-11-24 10:04:05,519 [Worker-6: Building] INFO  o.a.m.s.f.DefaultMavenResourcesFiltering - skip non existing resourceDirectory C:\Users\Hi\Fitpeo_assignment\V1\src\test\resources
2024-11-24 10:05:37,852 [Worker-3: Building] INFO  o.a.m.s.f.DefaultMavenResourcesFiltering - skip non existing resourceDirectory C:\Users\Hi\Fitpeo_assignment\V1\src\main\resources
2024-11-24 10:05:37,858 [Worker-3: Building] INFO  o.a.m.s.f.DefaultMavenResourcesFiltering - skip non existing resourceDirectory C:\Users\Hi\Fitpeo_assignment\V1\src\test\resources
2024-11-24 10:07:02,516 [Worker-9: Building] INFO  o.a.m.s.f.DefaultMavenResourcesFiltering - skip non existing resourceDirectory C:\Users\Hi\Fitpeo_assignment\V1\src\main\resources
2024-11-24 10:07:02,520 [Worker-9: Building] INFO  o.a.m.s.f.DefaultMavenResourcesFiltering - skip non existing resourceDirectory C:\Users\Hi\Fitpeo_assignment\V1\src\test\resources
2024-11-24 10:11:24,319 [Worker-9: Building] INFO  o.a.m.s.f.DefaultMavenResourcesFiltering - skip non existing resourceDirectory C:\Users\Hi\Fitpeo_assignment\V1\src\main\resources
2024-11-24 10:11:24,334 [Worker-9: Building] INFO  o.a.m.s.f.DefaultMavenResourcesFiltering - skip non existing resourceDirectory C:\Users\Hi\Fitpeo_assignment\V1\src\test\resources
2024-11-24 10:11:36,917 [Worker-9: Building] INFO  o.a.m.s.f.DefaultMavenResourcesFiltering - skip non existing resourceDirectory C:\Users\Hi\Fitpeo_assignment\V1\src\main\resources
2024-11-24 10:11:36,921 [Worker-9: Building] INFO  o.a.m.s.f.DefaultMavenResourcesFiltering - skip non existing resourceDirectory C:\Users\Hi\Fitpeo_assignment\V1\src\test\resources
2024-11-24 10:11:45,414 [Worker-5: Building] INFO  o.a.m.s.f.DefaultMavenResourcesFiltering - skip non existing resourceDirectory C:\Users\Hi\Fitpeo_assignment\V1\src\main\resources
2024-11-24 10:11:45,424 [Worker-5: Building] INFO  o.a.m.s.f.DefaultMavenResourcesFiltering - skip non existing resourceDirectory C:\Users\Hi\Fitpeo_assignment\V1\src\test\resources
2024-11-24 10:12:54,765 [Worker-8: Building] INFO  o.a.m.s.f.DefaultMavenResourcesFiltering - skip non existing resourceDirectory C:\Users\Hi\Fitpeo_assignment\V1\src\main\resources
2024-11-24 10:12:54,767 [Worker-8: Building] INFO  o.a.m.s.f.DefaultMavenResourcesFiltering - skip non existing resourceDirectory C:\Users\Hi\Fitpeo_assignment\V1\src\test\resources
2024-11-24 10:13:15,537 [Worker-7: Building] INFO  o.a.m.s.f.DefaultMavenResourcesFiltering - skip non existing resourceDirectory C:\Users\Hi\Fitpeo_assignment\V1\src\main\resources
2024-11-24 10:13:15,539 [Worker-7: Building] INFO  o.a.m.s.f.DefaultMavenResourcesFiltering - skip non existing resourceDirectory C:\Users\Hi\Fitpeo_assignment\V1\src\test\resources
2024-11-24 10:13:22,109 [Worker-8: Building] INFO  o.a.m.s.f.DefaultMavenResourcesFiltering - skip non existing resourceDirectory C:\Users\Hi\Fitpeo_assignment\V1\src\main\resources
2024-11-24 10:13:22,110 [Worker-8: Building] INFO  o.a.m.s.f.DefaultMavenResourcesFiltering - skip non existing resourceDirectory C:\Users\Hi\Fitpeo_assignment\V1\src\test\resources
2024-11-24 10:13:26,508 [Worker-8: Building] INFO  o.a.m.s.f.DefaultMavenResourcesFiltering - skip non existing resourceDirectory C:\Users\Hi\Fitpeo_assignment\V1\src\main\resources
2024-11-24 10:13:26,511 [Worker-8: Building] INFO  o.a.m.s.f.DefaultMavenResourcesFiltering - skip non existing resourceDirectory C:\Users\Hi\Fitpeo_assignment\V1\src\test\resources
2024-11-24 10:13:32,705 [Worker-6: Building] INFO  o.a.m.s.f.DefaultMavenResourcesFiltering - skip non existing resourceDirectory C:\Users\Hi\Fitpeo_assignment\V1\src\main\resources
2024-11-24 10:13:32,707 [Worker-6: Building] INFO  o.a.m.s.f.DefaultMavenResourcesFiltering - skip non existing resourceDirectory C:\Users\Hi\Fitpeo_assignment\V1\src\test\resources
2024-11-24 10:13:34,414 [Worker-8: Building] INFO  o.a.m.s.f.DefaultMavenResourcesFiltering - skip non existing resourceDirectory C:\Users\Hi\Fitpeo_assignment\V1\src\main\resources
2024-11-24 10:13:34,418 [Worker-8: Building] INFO  o.a.m.s.f.DefaultMavenResourcesFiltering - skip non existing resourceDirectory C:\Users\Hi\Fitpeo_assignment\V1\src\test\resources
2024-11-24 10:14:06,000 [Worker-5: Building] INFO  o.a.m.s.f.DefaultMavenResourcesFiltering - skip non existing resourceDirectory C:\Users\Hi\Fitpeo_assignment\V1\src\main\resources
2024-11-24 10:14:06,003 [Worker-5: Building] INFO  o.a.m.s.f.DefaultMavenResourcesFiltering - skip non existing resourceDirectory C:\Users\Hi\Fitpeo_assignment\V1\src\test\resources
2024-11-24 10:15:36,364 [Worker-6: Building] INFO  o.a.m.s.f.DefaultMavenResourcesFiltering - skip non existing resourceDirectory C:\Users\Hi\Fitpeo_assignment\V1\src\main\resources
2024-11-24 10:15:36,367 [Worker-6: Building] INFO  o.a.m.s.f.DefaultMavenResourcesFiltering - skip non existing resourceDirectory C:\Users\Hi\Fitpeo_assignment\V1\src\test\resources
2024-11-24 10:15:51,264 [Worker-8: Building] INFO  o.a.m.s.f.DefaultMavenResourcesFiltering - skip non existing resourceDirectory C:\Users\Hi\Fitpeo_assignment\V1\src\main\resources
2024-11-24 10:15:51,267 [Worker-8: Building] INFO  o.a.m.s.f.DefaultMavenResourcesFiltering - skip non existing resourceDirectory C:\Users\Hi\Fitpeo_assignment\V1\src\test\resources
2024-11-24 10:16:12,281 [Worker-5: Building] INFO  o.a.m.s.f.DefaultMavenResourcesFiltering - skip non existing resourceDirectory C:\Users\Hi\Fitpeo_assignment\V1\src\main\resources
2024-11-24 10:16:12,284 [Worker-5: Building] INFO  o.a.m.s.f.DefaultMavenResourcesFiltering - skip non existing resourceDirectory C:\Users\Hi\Fitpeo_assignment\V1\src\test\resources
2024-11-24 10:16:16,355 [Worker-7: Building] INFO  o.a.m.s.f.DefaultMavenResourcesFiltering - skip non existing resourceDirectory C:\Users\Hi\Fitpeo_assignment\V1\src\main\resources
2024-11-24 10:16:16,358 [Worker-7: Building] INFO  o.a.m.s.f.DefaultMavenResourcesFiltering - skip non existing resourceDirectory C:\Users\Hi\Fitpeo_assignment\V1\src\test\resources
2024-11-24 10:17:20,133 [Worker-5: Building] INFO  o.a.m.s.f.DefaultMavenResourcesFiltering - skip non existing resourceDirectory C:\Users\Hi\Fitpeo_assignment\V1\src\main\resources
2024-11-24 10:17:20,136 [Worker-5: Building] INFO  o.a.m.s.f.DefaultMavenResourcesFiltering - skip non existing resourceDirectory C:\Users\Hi\Fitpeo_assignment\V1\src\test\resources
2024-11-24 10:18:12,579 [Worker-3: Building] INFO  o.a.m.s.f.DefaultMavenResourcesFiltering - skip non existing resourceDirectory C:\Users\Hi\Fitpeo_assignment\V1\src\main\resources
2024-11-24 10:18:12,584 [Worker-3: Building] INFO  o.a.m.s.f.DefaultMavenResourcesFiltering - skip non existing resourceDirectory C:\Users\Hi\Fitpeo_assignment\V1\src\test\resources
2024-11-24 10:18:30,089 [Worker-5: Building] INFO  o.a.m.s.f.DefaultMavenResourcesFiltering - skip non existing resourceDirectory C:\Users\Hi\Fitpeo_assignment\V1\src\main\resources
2024-11-24 10:18:30,093 [Worker-5: Building] INFO  o.a.m.s.f.DefaultMavenResourcesFiltering - skip non existing resourceDirectory C:\Users\Hi\Fitpeo_assignment\V1\src\test\resources
2024-11-24 10:21:23,091 [Worker-14: Building] INFO  o.a.m.s.f.DefaultMavenResourcesFiltering - skip non existing resourceDirectory C:\Users\Hi\Fitpeo_assignment\V1\src\main\resources
2024-11-24 10:21:23,095 [Worker-14: Building] INFO  o.a.m.s.f.DefaultMavenResourcesFiltering - skip non existing resourceDirectory C:\Users\Hi\Fitpeo_assignment\V1\src\test\resources
2024-11-24 10:22:36,871 [Worker-5: Building] INFO  o.a.m.s.f.DefaultMavenResourcesFiltering - skip non existing resourceDirectory C:\Users\Hi\Fitpeo_assignment\V1\src\main\resources
2024-11-24 10:22:36,875 [Worker-5: Building] INFO  o.a.m.s.f.DefaultMavenResourcesFiltering - skip non existing resourceDirectory C:\Users\Hi\Fitpeo_assignment\V1\src\test\resources
2024-11-24 10:23:52,455 [Worker-8: Building] INFO  o.a.m.s.f.DefaultMavenResourcesFiltering - skip non existing resourceDirectory C:\Users\Hi\Fitpeo_assignment\V1\src\main\resources
2024-11-24 10:23:52,458 [Worker-8: Building] INFO  o.a.m.s.f.DefaultMavenResourcesFiltering - skip non existing resourceDirectory C:\Users\Hi\Fitpeo_assignment\V1\src\test\resources
2024-11-24 10:24:57,243 [Worker-14: Building] INFO  o.a.m.s.f.DefaultMavenResourcesFiltering - skip non existing resourceDirectory C:\Users\Hi\Fitpeo_assignment\V1\src\main\resources
2024-11-24 10:24:57,247 [Worker-14: Building] INFO  o.a.m.s.f.DefaultMavenResourcesFiltering - skip non existing resourceDirectory C:\Users\Hi\Fitpeo_assignment\V1\src\test\resources
2024-11-24 10:26:40,949 [Worker-14: Building] INFO  o.a.m.s.f.DefaultMavenResourcesFiltering - skip non existing resourceDirectory C:\Users\Hi\Fitpeo_assignment\V1\src\main\resources
2024-11-24 10:26:40,953 [Worker-14: Building] INFO  o.a.m.s.f.DefaultMavenResourcesFiltering - skip non existing resourceDirectory C:\Users\Hi\Fitpeo_assignment\V1\src\test\resources
2024-11-24 10:26:50,544 [Worker-6: Building] INFO  o.a.m.s.f.DefaultMavenResourcesFiltering - skip non existing resourceDirectory C:\Users\Hi\Fitpeo_assignment\V1\src\main\resources
2024-11-24 10:26:50,546 [Worker-6: Building] INFO  o.a.m.s.f.DefaultMavenResourcesFiltering - skip non existing resourceDirectory C:\Users\Hi\Fitpeo_assignment\V1\src\test\resources
2024-11-24 10:27:24,116 [Worker-7: Building] INFO  o.a.m.s.f.DefaultMavenResourcesFiltering - skip non existing resourceDirectory C:\Users\Hi\Fitpeo_assignment\V1\src\main\resources
2024-11-24 10:27:24,144 [Worker-7: Building] INFO  o.a.m.s.f.DefaultMavenResourcesFiltering - skip non existing resourceDirectory C:\Users\Hi\Fitpeo_assignment\V1\src\test\resources
2024-11-24 10:27:43,134 [Worker-14: Building] INFO  o.a.m.s.f.DefaultMavenResourcesFiltering - skip non existing resourceDirectory C:\Users\Hi\Fitpeo_assignment\V1\src\main\resources
2024-11-24 10:27:43,144 [Worker-14: Building] INFO  o.a.m.s.f.DefaultMavenResourcesFiltering - skip non existing resourceDirectory C:\Users\Hi\Fitpeo_assignment\V1\src\test\resources
2024-11-24 10:28:15,137 [Worker-7: Building] INFO  o.a.m.s.f.DefaultMavenResourcesFiltering - skip non existing resourceDirectory C:\Users\Hi\Fitpeo_assignment\V1\src\main\resources
2024-11-24 10:28:15,143 [Worker-7: Building] INFO  o.a.m.s.f.DefaultMavenResourcesFiltering - skip non existing resourceDirectory C:\Users\Hi\Fitpeo_assignment\V1\src\test\resources
2024-11-24 10:28:44,995 [Worker-9: Building] INFO  o.a.m.s.f.DefaultMavenResourcesFiltering - skip non existing resourceDirectory C:\Users\Hi\Fitpeo_assignment\V1\src\main\resources
2024-11-24 10:28:45,002 [Worker-9: Building] INFO  o.a.m.s.f.DefaultMavenResourcesFiltering - skip non existing resourceDirectory C:\Users\Hi\Fitpeo_assignment\V1\src\test\resources
2024-11-24 10:31:47,971 [Worker-14: Building] INFO  o.a.m.s.f.DefaultMavenResourcesFiltering - skip non existing resourceDirectory C:\Users\Hi\Fitpeo_assignment\V1\src\main\resources
2024-11-24 10:31:47,975 [Worker-14: Building] INFO  o.a.m.s.f.DefaultMavenResourcesFiltering - skip non existing resourceDirectory C:\Users\Hi\Fitpeo_assignment\V1\src\test\resources
2024-11-24 10:32:30,224 [Worker-14: Building] INFO  o.a.m.s.f.DefaultMavenResourcesFiltering - skip non existing resourceDirectory C:\Users\Hi\Fitpeo_assignment\V1\src\main\resources
2024-11-24 10:32:30,228 [Worker-14: Building] INFO  o.a.m.s.f.DefaultMavenResourcesFiltering - skip non existing resourceDirectory C:\Users\Hi\Fitpeo_assignment\V1\src\test\resources
2024-11-24 10:33:41,163 [Worker-9: Building] INFO  o.a.m.s.f.DefaultMavenResourcesFiltering - skip non existing resourceDirectory C:\Users\Hi\Fitpeo_assignment\V1\src\main\resources
2024-11-24 10:33:41,166 [Worker-9: Building] INFO  o.a.m.s.f.DefaultMavenResourcesFiltering - skip non existing resourceDirectory C:\Users\Hi\Fitpeo_assignment\V1\src\test\resources
2024-11-24 10:34:08,637 [Worker-9: Building] INFO  o.a.m.s.f.DefaultMavenResourcesFiltering - skip non existing resourceDirectory C:\Users\Hi\Fitpeo_assignment\V1\src\main\resources
2024-11-24 10:34:08,642 [Worker-9: Building] INFO  o.a.m.s.f.DefaultMavenResourcesFiltering - skip non existing resourceDirectory C:\Users\Hi\Fitpeo_assignment\V1\src\test\resources
2024-11-24 10:34:53,710 [Worker-6: Building] INFO  o.a.m.s.f.DefaultMavenResourcesFiltering - skip non existing resourceDirectory C:\Users\Hi\Fitpeo_assignment\V1\src\main\resources
2024-11-24 10:34:53,715 [Worker-6: Building] INFO  o.a.m.s.f.DefaultMavenResourcesFiltering - skip non existing resourceDirectory C:\Users\Hi\Fitpeo_assignment\V1\src\test\resources
2024-11-24 10:37:00,296 [Worker-14: Building] INFO  o.a.m.s.f.DefaultMavenResourcesFiltering - skip non existing resourceDirectory C:\Users\Hi\Fitpeo_assignment\V1\src\main\resources
2024-11-24 10:37:00,304 [Worker-14: Building] INFO  o.a.m.s.f.DefaultMavenResourcesFiltering - skip non existing resourceDirectory C:\Users\Hi\Fitpeo_assignment\V1\src\test\resources
2024-11-24 10:37:03,564 [Worker-6: Building] INFO  o.a.m.s.f.DefaultMavenResourcesFiltering - skip non existing resourceDirectory C:\Users\Hi\Fitpeo_assignment\V1\src\main\resources
2024-11-24 10:37:03,596 [Worker-6: Building] INFO  o.a.m.s.f.DefaultMavenResourcesFiltering - skip non existing resourceDirectory C:\Users\Hi\Fitpeo_assignment\V1\src\test\resources
2024-11-24 10:37:13,583 [Worker-8: Building] INFO  o.a.m.s.f.DefaultMavenResourcesFiltering - skip non existing resourceDirectory C:\Users\Hi\Fitpeo_assignment\V1\src\main\resources
2024-11-24 10:37:13,586 [Worker-8: Building] INFO  o.a.m.s.f.DefaultMavenResourcesFiltering - skip non existing resourceDirectory C:\Users\Hi\Fitpeo_assignment\V1\src\test\resources
